0 verbose cli C:\Program Files\nodejs\node.exe C:\Users\tatii\AppData\Roaming\npm\node_modules\npm\bin\npm-cli.js
1 info using npm@10.9.0
2 info using node@v20.11.0
3 silly config load:file:C:\Users\tatii\AppData\Roaming\npm\node_modules\npm\npmrc
4 silly config load:file:C:\Users\tatii\OneDrive\Área de Trabalho\Meus Projetos\Youtube IA\.npmrc
5 silly config load:file:C:\Users\tatii\.npmrc
6 silly config load:file:C:\Users\tatii\AppData\Roaming\npm\etc\npmrc
7 verbose title npm uninstall ytdl-core
8 verbose argv "uninstall" "ytdl-core"
9 verbose logfile logs-max:10 dir:C:\Users\tatii\OneDrive\Área de Trabalho\Meus Projetos\Youtube IA\clean\_logs\2025-03-11T15_18_41_401Z-
10 verbose logfile C:\Users\tatii\OneDrive\Área de Trabalho\Meus Projetos\Youtube IA\clean\_logs\2025-03-11T15_18_41_401Z-debug-0.log
11 silly logfile start cleaning logs, removing 2 files
12 silly packumentCache heap:2197815296 maxSize:549453824 maxEntrySize:274726912
13 silly logfile done cleaning log files
14 silly idealTree buildDeps
15 silly reify mark retired [
15 silly reify   'C:\\Users\\tatii\\OneDrive\\Área de Trabalho\\Meus Projetos\\Youtube IA\\node_modules\\m3u8stream'
15 silly reify ]
16 silly reify mark retired [
16 silly reify   'C:\\Users\\tatii\\OneDrive\\Área de Trabalho\\Meus Projetos\\Youtube IA\\node_modules\\miniget'
16 silly reify ]
17 silly reify mark retired [
17 silly reify   'C:\\Users\\tatii\\OneDrive\\Área de Trabalho\\Meus Projetos\\Youtube IA\\node_modules\\sax'
17 silly reify ]
18 silly reify mark retired [
18 silly reify   'C:\\Users\\tatii\\OneDrive\\Área de Trabalho\\Meus Projetos\\Youtube IA\\node_modules\\ytdl-core'
18 silly reify ]
19 silly reify moves {
19 silly reify   'C:\\Users\\tatii\\OneDrive\\Área de Trabalho\\Meus Projetos\\Youtube IA\\node_modules\\m3u8stream': 'C:\\Users\\tatii\\OneDrive\\Área de Trabalho\\Meus Projetos\\Youtube IA\\node_modules\\.m3u8stream-9LbrwKx7',
19 silly reify   'C:\\Users\\tatii\\OneDrive\\Área de Trabalho\\Meus Projetos\\Youtube IA\\node_modules\\miniget': 'C:\\Users\\tatii\\OneDrive\\Área de Trabalho\\Meus Projetos\\Youtube IA\\node_modules\\.miniget-9hNy2lqo',
19 silly reify   'C:\\Users\\tatii\\OneDrive\\Área de Trabalho\\Meus Projetos\\Youtube IA\\node_modules\\sax': 'C:\\Users\\tatii\\OneDrive\\Área de Trabalho\\Meus Projetos\\Youtube IA\\node_modules\\.sax-1iitK9EO',
19 silly reify   'C:\\Users\\tatii\\OneDrive\\Área de Trabalho\\Meus Projetos\\Youtube IA\\node_modules\\ytdl-core': 'C:\\Users\\tatii\\OneDrive\\Área de Trabalho\\Meus Projetos\\Youtube IA\\node_modules\\.ytdl-core-96cnaTqz'
19 silly reify }
20 silly audit bulk request {
20 silly audit   '@esbuild/aix-ppc64': [ '0.25.0' ],
20 silly audit   '@esbuild/android-arm': [ '0.25.0' ],
20 silly audit   '@esbuild/android-arm64': [ '0.25.0' ],
20 silly audit   '@esbuild/android-x64': [ '0.25.0' ],
20 silly audit   '@esbuild/darwin-arm64': [ '0.25.0' ],
20 silly audit   '@esbuild/darwin-x64': [ '0.25.0' ],
20 silly audit   '@esbuild/freebsd-arm64': [ '0.25.0' ],
20 silly audit   '@esbuild/freebsd-x64': [ '0.25.0' ],
20 silly audit   '@esbuild/linux-arm': [ '0.25.0' ],
20 silly audit   '@esbuild/linux-arm64': [ '0.25.0' ],
20 silly audit   '@esbuild/linux-ia32': [ '0.25.0' ],
20 silly audit   '@esbuild/linux-loong64': [ '0.25.0' ],
20 silly audit   '@esbuild/linux-mips64el': [ '0.25.0' ],
20 silly audit   '@esbuild/linux-ppc64': [ '0.25.0' ],
20 silly audit   '@esbuild/linux-riscv64': [ '0.25.0' ],
20 silly audit   '@esbuild/linux-s390x': [ '0.25.0' ],
20 silly audit   '@esbuild/linux-x64': [ '0.25.0' ],
20 silly audit   '@esbuild/netbsd-arm64': [ '0.25.0' ],
20 silly audit   '@esbuild/netbsd-x64': [ '0.25.0' ],
20 silly audit   '@esbuild/openbsd-arm64': [ '0.25.0' ],
20 silly audit   '@esbuild/openbsd-x64': [ '0.25.0' ],
20 silly audit   '@esbuild/sunos-x64': [ '0.25.0' ],
20 silly audit   '@esbuild/win32-arm64': [ '0.25.0' ],
20 silly audit   '@esbuild/win32-ia32': [ '0.25.0' ],
20 silly audit   '@esbuild/win32-x64': [ '0.25.0' ],
20 silly audit   '@rollup/rollup-android-arm-eabi': [ '4.34.8' ],
20 silly audit   '@rollup/rollup-android-arm64': [ '4.34.8' ],
20 silly audit   '@rollup/rollup-darwin-arm64': [ '4.34.8' ],
20 silly audit   '@rollup/rollup-darwin-x64': [ '4.34.8' ],
20 silly audit   '@rollup/rollup-freebsd-arm64': [ '4.34.8' ],
20 silly audit   '@rollup/rollup-freebsd-x64': [ '4.34.8' ],
20 silly audit   '@rollup/rollup-linux-arm-gnueabihf': [ '4.34.8' ],
20 silly audit   '@rollup/rollup-linux-arm-musleabihf': [ '4.34.8' ],
20 silly audit   '@rollup/rollup-linux-arm64-gnu': [ '4.34.8' ],
20 silly audit   '@rollup/rollup-linux-arm64-musl': [ '4.34.8' ],
20 silly audit   '@rollup/rollup-linux-loongarch64-gnu': [ '4.34.8' ],
20 silly audit   '@rollup/rollup-linux-powerpc64le-gnu': [ '4.34.8' ],
20 silly audit   '@rollup/rollup-linux-riscv64-gnu': [ '4.34.8' ],
20 silly audit   '@rollup/rollup-linux-s390x-gnu': [ '4.34.8' ],
20 silly audit   '@rollup/rollup-linux-x64-gnu': [ '4.34.8' ],
20 silly audit   '@rollup/rollup-linux-x64-musl': [ '4.34.8' ],
20 silly audit   '@rollup/rollup-win32-arm64-msvc': [ '4.34.8' ],
20 silly audit   '@rollup/rollup-win32-ia32-msvc': [ '4.34.8' ],
20 silly audit   '@rollup/rollup-win32-x64-msvc': [ '4.34.8' ],
20 silly audit   '@types/estree': [ '1.0.6' ],
20 silly audit   accepts: [ '1.3.8' ],
20 silly audit   'array-flatten': [ '1.1.1' ],
20 silly audit   asynckit: [ '0.4.0' ],
20 silly audit   axios: [ '1.8.1' ],
20 silly audit   'body-parser': [ '1.20.3' ],
20 silly audit   bytes: [ '3.1.2' ],
20 silly audit   'call-bind-apply-helpers': [ '1.0.2' ],
20 silly audit   'call-bound': [ '1.0.4' ],
20 silly audit   'combined-stream': [ '1.0.8' ],
20 silly audit   'content-disposition': [ '0.5.4' ],
20 silly audit   'content-type': [ '1.0.5' ],
20 silly audit   cookie: [ '0.7.1' ],
20 silly audit   'cookie-signature': [ '1.0.6' ],
20 silly audit   cors: [ '2.8.5' ],
20 silly audit   'cross-env': [ '7.0.3' ],
20 silly audit   'cross-spawn': [ '7.0.6' ],
20 silly audit   debug: [ '2.6.9' ],
20 silly audit   'delayed-stream': [ '1.0.0' ],
20 silly audit   depd: [ '2.0.0' ],
20 silly audit   destroy: [ '1.2.0' ],
20 silly audit   'dunder-proto': [ '1.0.1' ],
20 silly audit   'ee-first': [ '1.1.1' ],
20 silly audit   encodeurl: [ '2.0.0', '1.0.2' ],
20 silly audit   'es-define-property': [ '1.0.1' ],
20 silly audit   'es-errors': [ '1.3.0' ],
20 silly audit   'es-object-atoms': [ '1.1.1' ],
20 silly audit   'es-set-tostringtag': [ '2.1.0' ],
20 silly audit   esbuild: [ '0.25.0' ],
20 silly audit   'escape-html': [ '1.0.3' ],
20 silly audit   etag: [ '1.8.1' ],
20 silly audit   express: [ '4.21.2' ],
20 silly audit   finalhandler: [ '1.3.1' ],
20 silly audit   'follow-redirects': [ '1.15.9' ],
20 silly audit   'form-data': [ '4.0.2' ],
20 silly audit   forwarded: [ '0.2.0' ],
20 silly audit   fresh: [ '0.5.2' ],
20 silly audit   fsevents: [ '2.3.3' ],
20 silly audit   'function-bind': [ '1.1.2' ],
20 silly audit   'get-intrinsic': [ '1.3.0' ],
20 silly audit   'get-proto': [ '1.0.1' ],
20 silly audit   gopd: [ '1.2.0' ],
20 silly audit   'has-symbols': [ '1.1.0' ],
20 silly audit   'has-tostringtag': [ '1.0.2' ],
20 silly audit   hasown: [ '2.0.2' ],
20 silly audit   'http-errors': [ '2.0.0' ],
20 silly audit   'iconv-lite': [ '0.4.24' ],
20 silly audit   inherits: [ '2.0.4' ],
20 silly audit   'ipaddr.js': [ '1.9.1' ],
20 silly audit   isexe: [ '2.0.0' ],
20 silly audit   'math-intrinsics': [ '1.1.0' ],
20 silly audit   'media-typer': [ '0.3.0' ],
20 silly audit   'merge-descriptors': [ '1.0.3' ],
20 silly audit   methods: [ '1.1.2' ],
20 silly audit   mime: [ '1.6.0' ],
20 silly audit   'mime-db': [ '1.52.0' ],
20 silly audit   'mime-types': [ '2.1.35' ],
20 silly audit   ms: [ '2.0.0', '2.1.3' ],
20 silly audit   nanoid: [ '3.3.8' ],
20 silly audit   negotiator: [ '0.6.3' ],
20 silly audit   'object-assign': [ '4.1.1' ],
20 silly audit   'object-inspect': [ '1.13.4' ],
20 silly audit   'on-finished': [ '2.4.1' ],
20 silly audit   parseurl: [ '1.3.3' ],
20 silly audit   'path-key': [ '3.1.1' ],
20 silly audit   'path-to-regexp': [ '0.1.12' ],
20 silly audit   picocolors: [ '1.1.1' ],
20 silly audit   postcss: [ '8.5.3' ],
20 silly audit   'proxy-addr': [ '2.0.7' ],
20 silly audit   'proxy-from-env': [ '1.1.0' ],
20 silly audit   qs: [ '6.13.0' ],
20 silly audit   'range-parser': [ '1.2.1' ],
20 silly audit   'raw-body': [ '2.5.2' ],
20 silly audit   rollup: [ '4.34.8' ],
20 silly audit   'safe-buffer': [ '5.2.1' ],
20 silly audit   'safer-buffer': [ '2.1.2' ],
20 silly audit   send: [ '0.19.0' ],
20 silly audit   'serve-static': [ '1.16.2' ],
20 silly audit   setprototypeof: [ '1.2.0' ],
20 silly audit   'shebang-command': [ '2.0.0' ],
20 silly audit   'shebang-regex': [ '3.0.0' ],
20 silly audit   'side-channel': [ '1.1.0' ],
20 silly audit   'side-channel-list': [ '1.0.0' ],
20 silly audit   'side-channel-map': [ '1.0.1' ],
20 silly audit   'side-channel-weakmap': [ '1.0.2' ],
20 silly audit   'source-map-js': [ '1.2.1' ],
20 silly audit   statuses: [ '2.0.1' ],
20 silly audit   toidentifier: [ '1.0.1' ],
20 silly audit   'type-is': [ '1.6.18' ],
20 silly audit   unpipe: [ '1.0.0' ],
20 silly audit   'utils-merge': [ '1.0.1' ],
20 silly audit   vary: [ '1.1.2' ],
20 silly audit   vite: [ '6.2.0' ],
20 silly audit   which: [ '2.0.2' ]
20 silly audit }
21 verbose reify failed optional dependency C:\Users\tatii\OneDrive\Área de Trabalho\Meus Projetos\Youtube IA\node_modules\fsevents
22 silly reify mark deleted [
22 silly reify   'C:\\Users\\tatii\\OneDrive\\Área de Trabalho\\Meus Projetos\\Youtube IA\\node_modules\\fsevents'
22 silly reify ]
23 verbose reify failed optional dependency C:\Users\tatii\OneDrive\Área de Trabalho\Meus Projetos\Youtube IA\node_modules\@rollup\rollup-win32-ia32-msvc
24 silly reify mark deleted [
24 silly reify   'C:\\Users\\tatii\\OneDrive\\Área de Trabalho\\Meus Projetos\\Youtube IA\\node_modules\\@rollup\\rollup-win32-ia32-msvc'
24 silly reify ]
25 verbose reify failed optional dependency C:\Users\tatii\OneDrive\Área de Trabalho\Meus Projetos\Youtube IA\node_modules\@rollup\rollup-win32-arm64-msvc
26 silly reify mark deleted [
26 silly reify   'C:\\Users\\tatii\\OneDrive\\Área de Trabalho\\Meus Projetos\\Youtube IA\\node_modules\\@rollup\\rollup-win32-arm64-msvc'
26 silly reify ]
27 verbose reify failed optional dependency C:\Users\tatii\OneDrive\Área de Trabalho\Meus Projetos\Youtube IA\node_modules\@rollup\rollup-linux-x64-musl
28 silly reify mark deleted [
28 silly reify   'C:\\Users\\tatii\\OneDrive\\Área de Trabalho\\Meus Projetos\\Youtube IA\\node_modules\\@rollup\\rollup-linux-x64-musl'
28 silly reify ]
29 verbose reify failed optional dependency C:\Users\tatii\OneDrive\Área de Trabalho\Meus Projetos\Youtube IA\node_modules\@rollup\rollup-linux-x64-gnu
30 silly reify mark deleted [
30 silly reify   'C:\\Users\\tatii\\OneDrive\\Área de Trabalho\\Meus Projetos\\Youtube IA\\node_modules\\@rollup\\rollup-linux-x64-gnu'
30 silly reify ]
31 verbose reify failed optional dependency C:\Users\tatii\OneDrive\Área de Trabalho\Meus Projetos\Youtube IA\node_modules\@rollup\rollup-linux-s390x-gnu
32 silly reify mark deleted [
32 silly reify   'C:\\Users\\tatii\\OneDrive\\Área de Trabalho\\Meus Projetos\\Youtube IA\\node_modules\\@rollup\\rollup-linux-s390x-gnu'
32 silly reify ]
33 verbose reify failed optional dependency C:\Users\tatii\OneDrive\Área de Trabalho\Meus Projetos\Youtube IA\node_modules\@rollup\rollup-linux-riscv64-gnu
34 silly reify mark deleted [
34 silly reify   'C:\\Users\\tatii\\OneDrive\\Área de Trabalho\\Meus Projetos\\Youtube IA\\node_modules\\@rollup\\rollup-linux-riscv64-gnu'
34 silly reify ]
35 verbose reify failed optional dependency C:\Users\tatii\OneDrive\Área de Trabalho\Meus Projetos\Youtube IA\node_modules\@rollup\rollup-linux-powerpc64le-gnu
36 silly reify mark deleted [
36 silly reify   'C:\\Users\\tatii\\OneDrive\\Área de Trabalho\\Meus Projetos\\Youtube IA\\node_modules\\@rollup\\rollup-linux-powerpc64le-gnu'
36 silly reify ]
37 verbose reify failed optional dependency C:\Users\tatii\OneDrive\Área de Trabalho\Meus Projetos\Youtube IA\node_modules\@rollup\rollup-linux-loongarch64-gnu
38 silly reify mark deleted [
38 silly reify   'C:\\Users\\tatii\\OneDrive\\Área de Trabalho\\Meus Projetos\\Youtube IA\\node_modules\\@rollup\\rollup-linux-loongarch64-gnu'
38 silly reify ]
39 verbose reify failed optional dependency C:\Users\tatii\OneDrive\Área de Trabalho\Meus Projetos\Youtube IA\node_modules\@rollup\rollup-linux-arm64-musl
40 silly reify mark deleted [
40 silly reify   'C:\\Users\\tatii\\OneDrive\\Área de Trabalho\\Meus Projetos\\Youtube IA\\node_modules\\@rollup\\rollup-linux-arm64-musl'
40 silly reify ]
41 verbose reify failed optional dependency C:\Users\tatii\OneDrive\Área de Trabalho\Meus Projetos\Youtube IA\node_modules\@rollup\rollup-linux-arm64-gnu
42 silly reify mark deleted [
42 silly reify   'C:\\Users\\tatii\\OneDrive\\Área de Trabalho\\Meus Projetos\\Youtube IA\\node_modules\\@rollup\\rollup-linux-arm64-gnu'
42 silly reify ]
43 verbose reify failed optional dependency C:\Users\tatii\OneDrive\Área de Trabalho\Meus Projetos\Youtube IA\node_modules\@rollup\rollup-linux-arm-musleabihf
44 silly reify mark deleted [
44 silly reify   'C:\\Users\\tatii\\OneDrive\\Área de Trabalho\\Meus Projetos\\Youtube IA\\node_modules\\@rollup\\rollup-linux-arm-musleabihf'
44 silly reify ]
45 verbose reify failed optional dependency C:\Users\tatii\OneDrive\Área de Trabalho\Meus Projetos\Youtube IA\node_modules\@rollup\rollup-linux-arm-gnueabihf
46 silly reify mark deleted [
46 silly reify   'C:\\Users\\tatii\\OneDrive\\Área de Trabalho\\Meus Projetos\\Youtube IA\\node_modules\\@rollup\\rollup-linux-arm-gnueabihf'
46 silly reify ]
47 verbose reify failed optional dependency C:\Users\tatii\OneDrive\Área de Trabalho\Meus Projetos\Youtube IA\node_modules\@rollup\rollup-freebsd-x64
48 silly reify mark deleted [
48 silly reify   'C:\\Users\\tatii\\OneDrive\\Área de Trabalho\\Meus Projetos\\Youtube IA\\node_modules\\@rollup\\rollup-freebsd-x64'
48 silly reify ]
49 verbose reify failed optional dependency C:\Users\tatii\OneDrive\Área de Trabalho\Meus Projetos\Youtube IA\node_modules\@rollup\rollup-freebsd-arm64
50 silly reify mark deleted [
50 silly reify   'C:\\Users\\tatii\\OneDrive\\Área de Trabalho\\Meus Projetos\\Youtube IA\\node_modules\\@rollup\\rollup-freebsd-arm64'
50 silly reify ]
51 verbose reify failed optional dependency C:\Users\tatii\OneDrive\Área de Trabalho\Meus Projetos\Youtube IA\node_modules\@rollup\rollup-darwin-x64
52 silly reify mark deleted [
52 silly reify   'C:\\Users\\tatii\\OneDrive\\Área de Trabalho\\Meus Projetos\\Youtube IA\\node_modules\\@rollup\\rollup-darwin-x64'
52 silly reify ]
53 verbose reify failed optional dependency C:\Users\tatii\OneDrive\Área de Trabalho\Meus Projetos\Youtube IA\node_modules\@rollup\rollup-darwin-arm64
54 silly reify mark deleted [
54 silly reify   'C:\\Users\\tatii\\OneDrive\\Área de Trabalho\\Meus Projetos\\Youtube IA\\node_modules\\@rollup\\rollup-darwin-arm64'
54 silly reify ]
55 verbose reify failed optional dependency C:\Users\tatii\OneDrive\Área de Trabalho\Meus Projetos\Youtube IA\node_modules\@rollup\rollup-android-arm64
56 silly reify mark deleted [
56 silly reify   'C:\\Users\\tatii\\OneDrive\\Área de Trabalho\\Meus Projetos\\Youtube IA\\node_modules\\@rollup\\rollup-android-arm64'
56 silly reify ]
57 verbose reify failed optional dependency C:\Users\tatii\OneDrive\Área de Trabalho\Meus Projetos\Youtube IA\node_modules\@rollup\rollup-android-arm-eabi
58 silly reify mark deleted [
58 silly reify   'C:\\Users\\tatii\\OneDrive\\Área de Trabalho\\Meus Projetos\\Youtube IA\\node_modules\\@rollup\\rollup-android-arm-eabi'
58 silly reify ]
59 verbose reify failed optional dependency C:\Users\tatii\OneDrive\Área de Trabalho\Meus Projetos\Youtube IA\node_modules\@esbuild\win32-ia32
60 silly reify mark deleted [
60 silly reify   'C:\\Users\\tatii\\OneDrive\\Área de Trabalho\\Meus Projetos\\Youtube IA\\node_modules\\@esbuild\\win32-ia32'
60 silly reify ]
61 verbose reify failed optional dependency C:\Users\tatii\OneDrive\Área de Trabalho\Meus Projetos\Youtube IA\node_modules\@esbuild\win32-arm64
62 silly reify mark deleted [
62 silly reify   'C:\\Users\\tatii\\OneDrive\\Área de Trabalho\\Meus Projetos\\Youtube IA\\node_modules\\@esbuild\\win32-arm64'
62 silly reify ]
63 verbose reify failed optional dependency C:\Users\tatii\OneDrive\Área de Trabalho\Meus Projetos\Youtube IA\node_modules\@esbuild\sunos-x64
64 silly reify mark deleted [
64 silly reify   'C:\\Users\\tatii\\OneDrive\\Área de Trabalho\\Meus Projetos\\Youtube IA\\node_modules\\@esbuild\\sunos-x64'
64 silly reify ]
65 verbose reify failed optional dependency C:\Users\tatii\OneDrive\Área de Trabalho\Meus Projetos\Youtube IA\node_modules\@esbuild\openbsd-x64
66 silly reify mark deleted [
66 silly reify   'C:\\Users\\tatii\\OneDrive\\Área de Trabalho\\Meus Projetos\\Youtube IA\\node_modules\\@esbuild\\openbsd-x64'
66 silly reify ]
67 verbose reify failed optional dependency C:\Users\tatii\OneDrive\Área de Trabalho\Meus Projetos\Youtube IA\node_modules\@esbuild\openbsd-arm64
68 silly reify mark deleted [
68 silly reify   'C:\\Users\\tatii\\OneDrive\\Área de Trabalho\\Meus Projetos\\Youtube IA\\node_modules\\@esbuild\\openbsd-arm64'
68 silly reify ]
69 verbose reify failed optional dependency C:\Users\tatii\OneDrive\Área de Trabalho\Meus Projetos\Youtube IA\node_modules\@esbuild\netbsd-x64
70 silly reify mark deleted [
70 silly reify   'C:\\Users\\tatii\\OneDrive\\Área de Trabalho\\Meus Projetos\\Youtube IA\\node_modules\\@esbuild\\netbsd-x64'
70 silly reify ]
71 verbose reify failed optional dependency C:\Users\tatii\OneDrive\Área de Trabalho\Meus Projetos\Youtube IA\node_modules\@esbuild\netbsd-arm64
72 silly reify mark deleted [
72 silly reify   'C:\\Users\\tatii\\OneDrive\\Área de Trabalho\\Meus Projetos\\Youtube IA\\node_modules\\@esbuild\\netbsd-arm64'
72 silly reify ]
73 verbose reify failed optional dependency C:\Users\tatii\OneDrive\Área de Trabalho\Meus Projetos\Youtube IA\node_modules\@esbuild\linux-x64
74 silly reify mark deleted [
74 silly reify   'C:\\Users\\tatii\\OneDrive\\Área de Trabalho\\Meus Projetos\\Youtube IA\\node_modules\\@esbuild\\linux-x64'
74 silly reify ]
75 verbose reify failed optional dependency C:\Users\tatii\OneDrive\Área de Trabalho\Meus Projetos\Youtube IA\node_modules\@esbuild\linux-s390x
76 silly reify mark deleted [
76 silly reify   'C:\\Users\\tatii\\OneDrive\\Área de Trabalho\\Meus Projetos\\Youtube IA\\node_modules\\@esbuild\\linux-s390x'
76 silly reify ]
77 verbose reify failed optional dependency C:\Users\tatii\OneDrive\Área de Trabalho\Meus Projetos\Youtube IA\node_modules\@esbuild\linux-riscv64
78 silly reify mark deleted [
78 silly reify   'C:\\Users\\tatii\\OneDrive\\Área de Trabalho\\Meus Projetos\\Youtube IA\\node_modules\\@esbuild\\linux-riscv64'
78 silly reify ]
79 verbose reify failed optional dependency C:\Users\tatii\OneDrive\Área de Trabalho\Meus Projetos\Youtube IA\node_modules\@esbuild\linux-ppc64
80 silly reify mark deleted [
80 silly reify   'C:\\Users\\tatii\\OneDrive\\Área de Trabalho\\Meus Projetos\\Youtube IA\\node_modules\\@esbuild\\linux-ppc64'
80 silly reify ]
81 verbose reify failed optional dependency C:\Users\tatii\OneDrive\Área de Trabalho\Meus Projetos\Youtube IA\node_modules\@esbuild\linux-mips64el
82 silly reify mark deleted [
82 silly reify   'C:\\Users\\tatii\\OneDrive\\Área de Trabalho\\Meus Projetos\\Youtube IA\\node_modules\\@esbuild\\linux-mips64el'
82 silly reify ]
83 verbose reify failed optional dependency C:\Users\tatii\OneDrive\Área de Trabalho\Meus Projetos\Youtube IA\node_modules\@esbuild\linux-loong64
84 silly reify mark deleted [
84 silly reify   'C:\\Users\\tatii\\OneDrive\\Área de Trabalho\\Meus Projetos\\Youtube IA\\node_modules\\@esbuild\\linux-loong64'
84 silly reify ]
85 verbose reify failed optional dependency C:\Users\tatii\OneDrive\Área de Trabalho\Meus Projetos\Youtube IA\node_modules\@esbuild\linux-ia32
86 silly reify mark deleted [
86 silly reify   'C:\\Users\\tatii\\OneDrive\\Área de Trabalho\\Meus Projetos\\Youtube IA\\node_modules\\@esbuild\\linux-ia32'
86 silly reify ]
87 verbose reify failed optional dependency C:\Users\tatii\OneDrive\Área de Trabalho\Meus Projetos\Youtube IA\node_modules\@esbuild\linux-arm64
88 silly reify mark deleted [
88 silly reify   'C:\\Users\\tatii\\OneDrive\\Área de Trabalho\\Meus Projetos\\Youtube IA\\node_modules\\@esbuild\\linux-arm64'
88 silly reify ]
89 verbose reify failed optional dependency C:\Users\tatii\OneDrive\Área de Trabalho\Meus Projetos\Youtube IA\node_modules\@esbuild\linux-arm
90 silly reify mark deleted [
90 silly reify   'C:\\Users\\tatii\\OneDrive\\Área de Trabalho\\Meus Projetos\\Youtube IA\\node_modules\\@esbuild\\linux-arm'
90 silly reify ]
91 verbose reify failed optional dependency C:\Users\tatii\OneDrive\Área de Trabalho\Meus Projetos\Youtube IA\node_modules\@esbuild\freebsd-x64
92 silly reify mark deleted [
92 silly reify   'C:\\Users\\tatii\\OneDrive\\Área de Trabalho\\Meus Projetos\\Youtube IA\\node_modules\\@esbuild\\freebsd-x64'
92 silly reify ]
93 verbose reify failed optional dependency C:\Users\tatii\OneDrive\Área de Trabalho\Meus Projetos\Youtube IA\node_modules\@esbuild\freebsd-arm64
94 silly reify mark deleted [
94 silly reify   'C:\\Users\\tatii\\OneDrive\\Área de Trabalho\\Meus Projetos\\Youtube IA\\node_modules\\@esbuild\\freebsd-arm64'
94 silly reify ]
95 verbose reify failed optional dependency C:\Users\tatii\OneDrive\Área de Trabalho\Meus Projetos\Youtube IA\node_modules\@esbuild\darwin-x64
96 silly reify mark deleted [
96 silly reify   'C:\\Users\\tatii\\OneDrive\\Área de Trabalho\\Meus Projetos\\Youtube IA\\node_modules\\@esbuild\\darwin-x64'
96 silly reify ]
97 verbose reify failed optional dependency C:\Users\tatii\OneDrive\Área de Trabalho\Meus Projetos\Youtube IA\node_modules\@esbuild\darwin-arm64
98 silly reify mark deleted [
98 silly reify   'C:\\Users\\tatii\\OneDrive\\Área de Trabalho\\Meus Projetos\\Youtube IA\\node_modules\\@esbuild\\darwin-arm64'
98 silly reify ]
99 verbose reify failed optional dependency C:\Users\tatii\OneDrive\Área de Trabalho\Meus Projetos\Youtube IA\node_modules\@esbuild\android-x64
100 silly reify mark deleted [
100 silly reify   'C:\\Users\\tatii\\OneDrive\\Área de Trabalho\\Meus Projetos\\Youtube IA\\node_modules\\@esbuild\\android-x64'
100 silly reify ]
101 verbose reify failed optional dependency C:\Users\tatii\OneDrive\Área de Trabalho\Meus Projetos\Youtube IA\node_modules\@esbuild\android-arm64
102 silly reify mark deleted [
102 silly reify   'C:\\Users\\tatii\\OneDrive\\Área de Trabalho\\Meus Projetos\\Youtube IA\\node_modules\\@esbuild\\android-arm64'
102 silly reify ]
103 verbose reify failed optional dependency C:\Users\tatii\OneDrive\Área de Trabalho\Meus Projetos\Youtube IA\node_modules\@esbuild\android-arm
104 silly reify mark deleted [
104 silly reify   'C:\\Users\\tatii\\OneDrive\\Área de Trabalho\\Meus Projetos\\Youtube IA\\node_modules\\@esbuild\\android-arm'
104 silly reify ]
105 verbose reify failed optional dependency C:\Users\tatii\OneDrive\Área de Trabalho\Meus Projetos\Youtube IA\node_modules\@esbuild\aix-ppc64
106 silly reify mark deleted [
106 silly reify   'C:\\Users\\tatii\\OneDrive\\Área de Trabalho\\Meus Projetos\\Youtube IA\\node_modules\\@esbuild\\aix-ppc64'
106 silly reify ]
107 http fetch POST 200 https://registry.npmjs.org/-/npm/v1/security/advisories/bulk 688ms
108 silly audit report {
108 silly audit report   axios: [
108 silly audit report     {
108 silly audit report       id: 1102472,
108 silly audit report       url: 'https://github.com/advisories/GHSA-jr5f-v2jv-69x6',
108 silly audit report       title: 'axios Requests Vulnerable To Possible SSRF and Credential Leakage via Absolute URL',
108 silly audit report       severity: 'high',
108 silly audit report       vulnerable_versions: '<1.8.2',
108 silly audit report       cwe: [Array],
108 silly audit report       cvss: [Object]
108 silly audit report     }
108 silly audit report   ]
108 silly audit report }
109 silly packumentCache corgi:https://registry.npmjs.org/axios cache-miss
110 http fetch GET 200 https://registry.npmjs.org/axios 202ms (cache updated)
111 silly packumentCache corgi:https://registry.npmjs.org/axios set size:undefined disposed:false
112 silly ADD
113 silly ADD
114 silly ADD
115 silly ADD
116 silly ADD
117 silly ADD
118 silly ADD
119 silly ADD
120 silly ADD
121 silly ADD
122 silly ADD
123 silly ADD
124 silly ADD
125 silly ADD
126 silly ADD
127 silly ADD
128 silly ADD
129 silly ADD
130 silly ADD
131 silly ADD
132 silly ADD
133 silly ADD
134 silly ADD
135 silly ADD
136 silly ADD
137 silly ADD
138 silly ADD
139 silly ADD
140 silly ADD
141 silly ADD
142 silly ADD
143 silly ADD
144 silly ADD
145 silly ADD
146 silly ADD
147 silly ADD
148 silly ADD
149 silly ADD
150 silly ADD
151 silly ADD
152 silly ADD
153 silly ADD
154 silly ADD
155 silly REMOVE node_modules/ytdl-core
156 silly REMOVE node_modules/sax
157 silly REMOVE node_modules/miniget
158 silly REMOVE node_modules/m3u8stream
159 verbose cwd C:\Users\tatii\OneDrive\Área de Trabalho\Meus Projetos\Youtube IA
160 verbose os Windows_NT 10.0.26100
161 verbose node v20.11.0
162 verbose npm  v10.9.0
163 verbose exit 0
164 info ok
