0 verbose cli C:\Program Files\nodejs\node.exe C:\Users\tatii\AppData\Roaming\npm\node_modules\npm\bin\npm-cli.js
1 info using npm@10.9.0
2 info using node@v20.11.0
3 silly config load:file:C:\Users\tatii\AppData\Roaming\npm\node_modules\npm\npmrc
4 silly config load:file:C:\Users\tatii\OneDrive\Área de Trabalho\Meus Projetos\Youtube IA\.npmrc
5 silly config load:file:C:\Users\tatii\.npmrc
6 silly config load:file:C:\Users\tatii\AppData\Roaming\npm\etc\npmrc
7 verbose title npm i ytdl-core@npm:@distube/ytdl-core
8 verbose argv "i" "ytdl-core@npm:@distube/ytdl-core"
9 verbose logfile logs-max:10 dir:C:\Users\tatii\OneDrive\Área de Trabalho\Meus Projetos\Youtube IA\clean\_logs\2025-03-11T15_19_02_434Z-
10 verbose logfile C:\Users\tatii\OneDrive\Área de Trabalho\Meus Projetos\Youtube IA\clean\_logs\2025-03-11T15_19_02_434Z-debug-0.log
11 silly logfile start cleaning logs, removing 2 files
12 silly packumentCache heap:2197815296 maxSize:549453824 maxEntrySize:274726912
13 silly logfile done cleaning log files
14 silly idealTree buildDeps
15 silly fetch manifest ytdl-core@npm:@distube/ytdl-core
16 silly packumentCache full:https://registry.npmjs.org/@distube%2fytdl-core cache-miss
17 http fetch GET 200 https://registry.npmjs.org/@distube%2fytdl-core 1627ms (cache miss)
18 silly packumentCache full:https://registry.npmjs.org/@distube%2fytdl-core set size:undefined disposed:false
19 silly placeDep ROOT ytdl-core@4.15.9 OK for: youtube-ia@0.0.0 want: npm:@distube/ytdl-core
20 silly fetch manifest sax@^1.4.1
21 silly packumentCache full:https://registry.npmjs.org/sax cache-miss
22 silly fetch manifest undici@five
23 silly packumentCache full:https://registry.npmjs.org/undici cache-miss
24 silly fetch manifest miniget@^4.2.3
25 silly packumentCache full:https://registry.npmjs.org/miniget cache-miss
26 silly fetch manifest m3u8stream@^0.8.6
27 silly packumentCache full:https://registry.npmjs.org/m3u8stream cache-miss
28 silly fetch manifest tough-cookie@^4.1.4
29 silly packumentCache full:https://registry.npmjs.org/tough-cookie cache-miss
30 silly fetch manifest http-cookie-agent@^6.0.8
31 silly packumentCache full:https://registry.npmjs.org/http-cookie-agent cache-miss
32 silly fetch manifest https-proxy-agent@^7.0.6
33 silly packumentCache full:https://registry.npmjs.org/https-proxy-agent cache-miss
34 http fetch GET 200 https://registry.npmjs.org/undici 131ms (cache miss)
35 silly packumentCache full:https://registry.npmjs.org/undici set size:undefined disposed:false
36 http fetch GET 200 https://registry.npmjs.org/https-proxy-agent 190ms (cache miss)
37 silly packumentCache full:https://registry.npmjs.org/https-proxy-agent set size:undefined disposed:false
38 http fetch GET 200 https://registry.npmjs.org/http-cookie-agent 235ms (cache miss)
39 silly packumentCache full:https://registry.npmjs.org/http-cookie-agent set size:undefined disposed:false
40 http fetch GET 200 https://registry.npmjs.org/m3u8stream 251ms (cache updated)
41 silly packumentCache full:https://registry.npmjs.org/m3u8stream set size:undefined disposed:false
42 http fetch GET 200 https://registry.npmjs.org/miniget 265ms (cache updated)
43 silly packumentCache full:https://registry.npmjs.org/miniget set size:undefined disposed:false
44 http fetch GET 200 https://registry.npmjs.org/tough-cookie 275ms (cache miss)
45 silly packumentCache full:https://registry.npmjs.org/tough-cookie set size:undefined disposed:false
46 http fetch GET 200 https://registry.npmjs.org/sax 661ms (cache updated)
47 silly packumentCache full:https://registry.npmjs.org/sax set size:undefined disposed:false
48 silly placeDep ROOT http-cookie-agent@6.0.8 OK for: @distube/ytdl-core@4.15.9 want: ^6.0.8
49 silly placeDep ROOT https-proxy-agent@7.0.6 OK for: @distube/ytdl-core@4.15.9 want: ^7.0.6
50 silly placeDep ROOT m3u8stream@0.8.6 OK for: @distube/ytdl-core@4.15.9 want: ^0.8.6
51 silly placeDep ROOT miniget@4.2.3 OK for: @distube/ytdl-core@4.15.9 want: ^4.2.3
52 silly placeDep ROOT sax@1.4.1 OK for: @distube/ytdl-core@4.15.9 want: ^1.4.1
53 silly placeDep ROOT tough-cookie@4.1.4 OK for: @distube/ytdl-core@4.15.9 want: ^4.1.4
54 silly placeDep ROOT undici@5.28.5 OK for: @distube/ytdl-core@4.15.9 want: five
55 silly fetch manifest agent-base@^7.1.3
56 silly packumentCache full:https://registry.npmjs.org/agent-base cache-miss
57 silly fetch manifest agent-base@^7.1.2
58 silly packumentCache full:https://registry.npmjs.org/agent-base cache-miss
59 silly fetch manifest debug@4
60 silly packumentCache full:https://registry.npmjs.org/debug cache-miss
61 silly fetch manifest miniget@^4.2.2
62 silly packumentCache full:https://registry.npmjs.org/miniget cache-miss
63 silly fetch manifest sax@^1.2.4
64 silly packumentCache full:https://registry.npmjs.org/sax cache-miss
65 silly fetch manifest psl@^1.1.33
66 silly packumentCache full:https://registry.npmjs.org/psl cache-miss
67 silly fetch manifest punycode@^2.1.1
68 silly packumentCache full:https://registry.npmjs.org/punycode cache-miss
69 http fetch GET 200 https://registry.npmjs.org/miniget 26ms (cache hit)
70 silly packumentCache full:https://registry.npmjs.org/miniget set size:76662 disposed:false
71 silly fetch manifest url-parse@^1.5.3
72 silly packumentCache full:https://registry.npmjs.org/url-parse cache-miss
73 http fetch GET 200 https://registry.npmjs.org/sax 28ms (cache hit)
74 silly packumentCache full:https://registry.npmjs.org/sax set size:82736 disposed:false
75 silly fetch manifest universalify@^0.2.0
76 silly packumentCache full:https://registry.npmjs.org/universalify cache-miss
77 http fetch GET 200 https://registry.npmjs.org/agent-base 59ms (cache miss)
78 silly packumentCache full:https://registry.npmjs.org/agent-base set size:undefined disposed:false
79 silly fetch manifest @fastify/busboy@^2.0.0
80 silly packumentCache full:https://registry.npmjs.org/@fastify%2fbusboy cache-miss
81 http fetch GET 200 https://registry.npmjs.org/agent-base 80ms (cache miss)
82 silly packumentCache full:https://registry.npmjs.org/agent-base set size:undefined disposed:false
83 http fetch GET 200 https://registry.npmjs.org/psl 80ms (cache miss)
84 silly packumentCache full:https://registry.npmjs.org/psl set size:undefined disposed:false
85 http fetch GET 200 https://registry.npmjs.org/punycode 106ms (cache miss)
86 silly packumentCache full:https://registry.npmjs.org/punycode set size:undefined disposed:false
87 http fetch GET 200 https://registry.npmjs.org/debug 112ms (cache updated)
88 silly packumentCache full:https://registry.npmjs.org/debug set size:undefined disposed:false
89 http fetch GET 200 https://registry.npmjs.org/url-parse 90ms (cache miss)
90 silly packumentCache full:https://registry.npmjs.org/url-parse set size:undefined disposed:false
91 http fetch GET 200 https://registry.npmjs.org/universalify 128ms (cache miss)
92 silly packumentCache full:https://registry.npmjs.org/universalify set size:undefined disposed:false
93 http fetch GET 200 https://registry.npmjs.org/@fastify%2fbusboy 236ms (cache miss)
94 silly packumentCache full:https://registry.npmjs.org/@fastify%2fbusboy set size:undefined disposed:false
95 silly placeDep ROOT agent-base@7.1.3 OK for: http-cookie-agent@6.0.8 want: ^7.1.3
96 silly placeDep node_modules/https-proxy-agent debug@4.4.0 OK for: https-proxy-agent@7.0.6 want: 4
97 silly fetch manifest ms@^2.1.3
98 silly packumentCache full:https://registry.npmjs.org/ms cache-miss
99 http fetch GET 200 https://registry.npmjs.org/ms 66ms (cache updated)
100 silly packumentCache full:https://registry.npmjs.org/ms set size:undefined disposed:false
101 silly placeDep ROOT psl@1.15.0 OK for: tough-cookie@4.1.4 want: ^1.1.33
102 silly placeDep ROOT punycode@2.3.1 OK for: tough-cookie@4.1.4 want: ^2.1.1
103 silly placeDep ROOT universalify@0.2.0 OK for: tough-cookie@4.1.4 want: ^0.2.0
104 silly placeDep ROOT url-parse@1.5.10 OK for: tough-cookie@4.1.4 want: ^1.5.3
105 silly fetch manifest punycode@^2.3.1
106 silly packumentCache full:https://registry.npmjs.org/punycode cache-miss
107 silly fetch manifest querystringify@^2.1.1
108 silly packumentCache full:https://registry.npmjs.org/querystringify cache-miss
109 silly fetch manifest requires-port@^1.0.0
110 silly packumentCache full:https://registry.npmjs.org/requires-port cache-miss
111 http fetch GET 200 https://registry.npmjs.org/punycode 10ms (cache hit)
112 silly packumentCache full:https://registry.npmjs.org/punycode set size:61302 disposed:false
113 http fetch GET 200 https://registry.npmjs.org/querystringify 59ms (cache miss)
114 silly packumentCache full:https://registry.npmjs.org/querystringify set size:undefined disposed:false
115 http fetch GET 200 https://registry.npmjs.org/requires-port 74ms (cache miss)
116 silly packumentCache full:https://registry.npmjs.org/requires-port set size:undefined disposed:false
117 silly placeDep ROOT @fastify/busboy@2.1.1 OK for: undici@5.28.5 want: ^2.0.0
118 silly placeDep ROOT querystringify@2.2.0 OK for: url-parse@1.5.10 want: ^2.1.1
119 silly placeDep ROOT requires-port@1.0.0 OK for: url-parse@1.5.10 want: ^1.0.0
120 silly placeDep node_modules/https-proxy-agent ms@2.1.3 OK for: debug@4.4.0 want: ^2.1.3
121 silly reify moves {}
122 silly audit bulk request {
122 silly audit   '@esbuild/aix-ppc64': [ '0.25.0' ],
122 silly audit   '@esbuild/android-arm': [ '0.25.0' ],
122 silly audit   '@esbuild/android-arm64': [ '0.25.0' ],
122 silly audit   '@esbuild/android-x64': [ '0.25.0' ],
122 silly audit   '@esbuild/darwin-arm64': [ '0.25.0' ],
122 silly audit   '@esbuild/darwin-x64': [ '0.25.0' ],
122 silly audit   '@esbuild/freebsd-arm64': [ '0.25.0' ],
122 silly audit   '@esbuild/freebsd-x64': [ '0.25.0' ],
122 silly audit   '@esbuild/linux-arm': [ '0.25.0' ],
122 silly audit   '@esbuild/linux-arm64': [ '0.25.0' ],
122 silly audit   '@esbuild/linux-ia32': [ '0.25.0' ],
122 silly audit   '@esbuild/linux-loong64': [ '0.25.0' ],
122 silly audit   '@esbuild/linux-mips64el': [ '0.25.0' ],
122 silly audit   '@esbuild/linux-ppc64': [ '0.25.0' ],
122 silly audit   '@esbuild/linux-riscv64': [ '0.25.0' ],
122 silly audit   '@esbuild/linux-s390x': [ '0.25.0' ],
122 silly audit   '@esbuild/linux-x64': [ '0.25.0' ],
122 silly audit   '@esbuild/netbsd-arm64': [ '0.25.0' ],
122 silly audit   '@esbuild/netbsd-x64': [ '0.25.0' ],
122 silly audit   '@esbuild/openbsd-arm64': [ '0.25.0' ],
122 silly audit   '@esbuild/openbsd-x64': [ '0.25.0' ],
122 silly audit   '@esbuild/sunos-x64': [ '0.25.0' ],
122 silly audit   '@esbuild/win32-arm64': [ '0.25.0' ],
122 silly audit   '@esbuild/win32-ia32': [ '0.25.0' ],
122 silly audit   '@esbuild/win32-x64': [ '0.25.0' ],
122 silly audit   '@rollup/rollup-android-arm-eabi': [ '4.34.8' ],
122 silly audit   '@rollup/rollup-android-arm64': [ '4.34.8' ],
122 silly audit   '@rollup/rollup-darwin-arm64': [ '4.34.8' ],
122 silly audit   '@rollup/rollup-darwin-x64': [ '4.34.8' ],
122 silly audit   '@rollup/rollup-freebsd-arm64': [ '4.34.8' ],
122 silly audit   '@rollup/rollup-freebsd-x64': [ '4.34.8' ],
122 silly audit   '@rollup/rollup-linux-arm-gnueabihf': [ '4.34.8' ],
122 silly audit   '@rollup/rollup-linux-arm-musleabihf': [ '4.34.8' ],
122 silly audit   '@rollup/rollup-linux-arm64-gnu': [ '4.34.8' ],
122 silly audit   '@rollup/rollup-linux-arm64-musl': [ '4.34.8' ],
122 silly audit   '@rollup/rollup-linux-loongarch64-gnu': [ '4.34.8' ],
122 silly audit   '@rollup/rollup-linux-powerpc64le-gnu': [ '4.34.8' ],
122 silly audit   '@rollup/rollup-linux-riscv64-gnu': [ '4.34.8' ],
122 silly audit   '@rollup/rollup-linux-s390x-gnu': [ '4.34.8' ],
122 silly audit   '@rollup/rollup-linux-x64-gnu': [ '4.34.8' ],
122 silly audit   '@rollup/rollup-linux-x64-musl': [ '4.34.8' ],
122 silly audit   '@rollup/rollup-win32-arm64-msvc': [ '4.34.8' ],
122 silly audit   '@rollup/rollup-win32-ia32-msvc': [ '4.34.8' ],
122 silly audit   '@rollup/rollup-win32-x64-msvc': [ '4.34.8' ],
122 silly audit   '@types/estree': [ '1.0.6' ],
122 silly audit   accepts: [ '1.3.8' ],
122 silly audit   'array-flatten': [ '1.1.1' ],
122 silly audit   asynckit: [ '0.4.0' ],
122 silly audit   axios: [ '1.8.1' ],
122 silly audit   'body-parser': [ '1.20.3' ],
122 silly audit   bytes: [ '3.1.2' ],
122 silly audit   'call-bind-apply-helpers': [ '1.0.2' ],
122 silly audit   'call-bound': [ '1.0.4' ],
122 silly audit   'combined-stream': [ '1.0.8' ],
122 silly audit   'content-disposition': [ '0.5.4' ],
122 silly audit   'content-type': [ '1.0.5' ],
122 silly audit   cookie: [ '0.7.1' ],
122 silly audit   'cookie-signature': [ '1.0.6' ],
122 silly audit   cors: [ '2.8.5' ],
122 silly audit   'cross-env': [ '7.0.3' ],
122 silly audit   'cross-spawn': [ '7.0.6' ],
122 silly audit   debug: [ '2.6.9', '4.4.0' ],
122 silly audit   'delayed-stream': [ '1.0.0' ],
122 silly audit   depd: [ '2.0.0' ],
122 silly audit   destroy: [ '1.2.0' ],
122 silly audit   'dunder-proto': [ '1.0.1' ],
122 silly audit   'ee-first': [ '1.1.1' ],
122 silly audit   encodeurl: [ '2.0.0', '1.0.2' ],
122 silly audit   'es-define-property': [ '1.0.1' ],
122 silly audit   'es-errors': [ '1.3.0' ],
122 silly audit   'es-object-atoms': [ '1.1.1' ],
122 silly audit   'es-set-tostringtag': [ '2.1.0' ],
122 silly audit   esbuild: [ '0.25.0' ],
122 silly audit   'escape-html': [ '1.0.3' ],
122 silly audit   etag: [ '1.8.1' ],
122 silly audit   express: [ '4.21.2' ],
122 silly audit   finalhandler: [ '1.3.1' ],
122 silly audit   'follow-redirects': [ '1.15.9' ],
122 silly audit   'form-data': [ '4.0.2' ],
122 silly audit   forwarded: [ '0.2.0' ],
122 silly audit   fresh: [ '0.5.2' ],
122 silly audit   fsevents: [ '2.3.3' ],
122 silly audit   'function-bind': [ '1.1.2' ],
122 silly audit   'get-intrinsic': [ '1.3.0' ],
122 silly audit   'get-proto': [ '1.0.1' ],
122 silly audit   gopd: [ '1.2.0' ],
122 silly audit   'has-symbols': [ '1.1.0' ],
122 silly audit   'has-tostringtag': [ '1.0.2' ],
122 silly audit   hasown: [ '2.0.2' ],
122 silly audit   'http-errors': [ '2.0.0' ],
122 silly audit   'iconv-lite': [ '0.4.24' ],
122 silly audit   inherits: [ '2.0.4' ],
122 silly audit   'ipaddr.js': [ '1.9.1' ],
122 silly audit   isexe: [ '2.0.0' ],
122 silly audit   'math-intrinsics': [ '1.1.0' ],
122 silly audit   'media-typer': [ '0.3.0' ],
122 silly audit   'merge-descriptors': [ '1.0.3' ],
122 silly audit   methods: [ '1.1.2' ],
122 silly audit   mime: [ '1.6.0' ],
122 silly audit   'mime-db': [ '1.52.0' ],
122 silly audit   'mime-types': [ '2.1.35' ],
122 silly audit   ms: [ '2.0.0', '2.1.3' ],
122 silly audit   nanoid: [ '3.3.8' ],
122 silly audit   negotiator: [ '0.6.3' ],
122 silly audit   'object-assign': [ '4.1.1' ],
122 silly audit   'object-inspect': [ '1.13.4' ],
122 silly audit   'on-finished': [ '2.4.1' ],
122 silly audit   parseurl: [ '1.3.3' ],
122 silly audit   'path-key': [ '3.1.1' ],
122 silly audit   'path-to-regexp': [ '0.1.12' ],
122 silly audit   picocolors: [ '1.1.1' ],
122 silly audit   postcss: [ '8.5.3' ],
122 silly audit   'proxy-addr': [ '2.0.7' ],
122 silly audit   'proxy-from-env': [ '1.1.0' ],
122 silly audit   qs: [ '6.13.0' ],
122 silly audit   'range-parser': [ '1.2.1' ],
122 silly audit   'raw-body': [ '2.5.2' ],
122 silly audit   rollup: [ '4.34.8' ],
122 silly audit   'safe-buffer': [ '5.2.1' ],
122 silly audit   'safer-buffer': [ '2.1.2' ],
122 silly audit   send: [ '0.19.0' ],
122 silly audit   'serve-static': [ '1.16.2' ],
122 silly audit   setprototypeof: [ '1.2.0' ],
122 silly audit   'shebang-command': [ '2.0.0' ],
122 silly audit   'shebang-regex': [ '3.0.0' ],
122 silly audit   'side-channel': [ '1.1.0' ],
122 silly audit   'side-channel-list': [ '1.0.0' ],
122 silly audit   'side-channel-map': [ '1.0.1' ],
122 silly audit   'side-channel-weakmap': [ '1.0.2' ],
122 silly audit   'source-map-js': [ '1.2.1' ],
122 silly audit   statuses: [ '2.0.1' ],
122 silly audit   toidentifier: [ '1.0.1' ],
122 silly audit   'type-is': [ '1.6.18' ],
122 silly audit   unpipe: [ '1.0.0' ],
122 silly audit   'utils-merge': [ '1.0.1' ],
122 silly audit   vary: [ '1.1.2' ],
122 silly audit   vite: [ '6.2.0' ],
122 silly audit   which: [ '2.0.2' ],
122 silly audit   '@distube/ytdl-core': [ '4.15.9' ],
122 silly audit   'http-cookie-agent': [ '6.0.8' ],
122 silly audit   'https-proxy-agent': [ '7.0.6' ],
122 silly audit   m3u8stream: [ '0.8.6' ],
122 silly audit   miniget: [ '4.2.3' ],
122 silly audit   sax: [ '1.4.1' ],
122 silly audit   'tough-cookie': [ '4.1.4' ],
122 silly audit   undici: [ '5.28.5' ],
122 silly audit   'agent-base': [ '7.1.3' ],
122 silly audit   psl: [ '1.15.0' ],
122 silly audit   punycode: [ '2.3.1' ],
122 silly audit   universalify: [ '0.2.0' ],
122 silly audit   'url-parse': [ '1.5.10' ],
122 silly audit   '@fastify/busboy': [ '2.1.1' ],
122 silly audit   querystringify: [ '2.2.0' ],
122 silly audit   'requires-port': [ '1.0.0' ]
122 silly audit }
123 verbose reify failed optional dependency C:\Users\tatii\OneDrive\Área de Trabalho\Meus Projetos\Youtube IA\node_modules\fsevents
124 silly reify mark deleted [
124 silly reify   'C:\\Users\\tatii\\OneDrive\\Área de Trabalho\\Meus Projetos\\Youtube IA\\node_modules\\fsevents'
124 silly reify ]
125 verbose reify failed optional dependency C:\Users\tatii\OneDrive\Área de Trabalho\Meus Projetos\Youtube IA\node_modules\@rollup\rollup-win32-ia32-msvc
126 silly reify mark deleted [
126 silly reify   'C:\\Users\\tatii\\OneDrive\\Área de Trabalho\\Meus Projetos\\Youtube IA\\node_modules\\@rollup\\rollup-win32-ia32-msvc'
126 silly reify ]
127 verbose reify failed optional dependency C:\Users\tatii\OneDrive\Área de Trabalho\Meus Projetos\Youtube IA\node_modules\@rollup\rollup-win32-arm64-msvc
128 silly reify mark deleted [
128 silly reify   'C:\\Users\\tatii\\OneDrive\\Área de Trabalho\\Meus Projetos\\Youtube IA\\node_modules\\@rollup\\rollup-win32-arm64-msvc'
128 silly reify ]
129 verbose reify failed optional dependency C:\Users\tatii\OneDrive\Área de Trabalho\Meus Projetos\Youtube IA\node_modules\@rollup\rollup-linux-x64-musl
130 silly reify mark deleted [
130 silly reify   'C:\\Users\\tatii\\OneDrive\\Área de Trabalho\\Meus Projetos\\Youtube IA\\node_modules\\@rollup\\rollup-linux-x64-musl'
130 silly reify ]
131 verbose reify failed optional dependency C:\Users\tatii\OneDrive\Área de Trabalho\Meus Projetos\Youtube IA\node_modules\@rollup\rollup-linux-x64-gnu
132 silly reify mark deleted [
132 silly reify   'C:\\Users\\tatii\\OneDrive\\Área de Trabalho\\Meus Projetos\\Youtube IA\\node_modules\\@rollup\\rollup-linux-x64-gnu'
132 silly reify ]
133 verbose reify failed optional dependency C:\Users\tatii\OneDrive\Área de Trabalho\Meus Projetos\Youtube IA\node_modules\@rollup\rollup-linux-s390x-gnu
134 silly reify mark deleted [
134 silly reify   'C:\\Users\\tatii\\OneDrive\\Área de Trabalho\\Meus Projetos\\Youtube IA\\node_modules\\@rollup\\rollup-linux-s390x-gnu'
134 silly reify ]
135 verbose reify failed optional dependency C:\Users\tatii\OneDrive\Área de Trabalho\Meus Projetos\Youtube IA\node_modules\@rollup\rollup-linux-riscv64-gnu
136 silly reify mark deleted [
136 silly reify   'C:\\Users\\tatii\\OneDrive\\Área de Trabalho\\Meus Projetos\\Youtube IA\\node_modules\\@rollup\\rollup-linux-riscv64-gnu'
136 silly reify ]
137 verbose reify failed optional dependency C:\Users\tatii\OneDrive\Área de Trabalho\Meus Projetos\Youtube IA\node_modules\@rollup\rollup-linux-powerpc64le-gnu
138 silly reify mark deleted [
138 silly reify   'C:\\Users\\tatii\\OneDrive\\Área de Trabalho\\Meus Projetos\\Youtube IA\\node_modules\\@rollup\\rollup-linux-powerpc64le-gnu'
138 silly reify ]
139 verbose reify failed optional dependency C:\Users\tatii\OneDrive\Área de Trabalho\Meus Projetos\Youtube IA\node_modules\@rollup\rollup-linux-loongarch64-gnu
140 silly reify mark deleted [
140 silly reify   'C:\\Users\\tatii\\OneDrive\\Área de Trabalho\\Meus Projetos\\Youtube IA\\node_modules\\@rollup\\rollup-linux-loongarch64-gnu'
140 silly reify ]
141 verbose reify failed optional dependency C:\Users\tatii\OneDrive\Área de Trabalho\Meus Projetos\Youtube IA\node_modules\@rollup\rollup-linux-arm64-musl
142 silly reify mark deleted [
142 silly reify   'C:\\Users\\tatii\\OneDrive\\Área de Trabalho\\Meus Projetos\\Youtube IA\\node_modules\\@rollup\\rollup-linux-arm64-musl'
142 silly reify ]
143 verbose reify failed optional dependency C:\Users\tatii\OneDrive\Área de Trabalho\Meus Projetos\Youtube IA\node_modules\@rollup\rollup-linux-arm64-gnu
144 silly reify mark deleted [
144 silly reify   'C:\\Users\\tatii\\OneDrive\\Área de Trabalho\\Meus Projetos\\Youtube IA\\node_modules\\@rollup\\rollup-linux-arm64-gnu'
144 silly reify ]
145 verbose reify failed optional dependency C:\Users\tatii\OneDrive\Área de Trabalho\Meus Projetos\Youtube IA\node_modules\@rollup\rollup-linux-arm-musleabihf
146 silly reify mark deleted [
146 silly reify   'C:\\Users\\tatii\\OneDrive\\Área de Trabalho\\Meus Projetos\\Youtube IA\\node_modules\\@rollup\\rollup-linux-arm-musleabihf'
146 silly reify ]
147 verbose reify failed optional dependency C:\Users\tatii\OneDrive\Área de Trabalho\Meus Projetos\Youtube IA\node_modules\@rollup\rollup-linux-arm-gnueabihf
148 silly reify mark deleted [
148 silly reify   'C:\\Users\\tatii\\OneDrive\\Área de Trabalho\\Meus Projetos\\Youtube IA\\node_modules\\@rollup\\rollup-linux-arm-gnueabihf'
148 silly reify ]
149 verbose reify failed optional dependency C:\Users\tatii\OneDrive\Área de Trabalho\Meus Projetos\Youtube IA\node_modules\@rollup\rollup-freebsd-x64
150 silly reify mark deleted [
150 silly reify   'C:\\Users\\tatii\\OneDrive\\Área de Trabalho\\Meus Projetos\\Youtube IA\\node_modules\\@rollup\\rollup-freebsd-x64'
150 silly reify ]
151 verbose reify failed optional dependency C:\Users\tatii\OneDrive\Área de Trabalho\Meus Projetos\Youtube IA\node_modules\@rollup\rollup-freebsd-arm64
152 silly reify mark deleted [
152 silly reify   'C:\\Users\\tatii\\OneDrive\\Área de Trabalho\\Meus Projetos\\Youtube IA\\node_modules\\@rollup\\rollup-freebsd-arm64'
152 silly reify ]
153 verbose reify failed optional dependency C:\Users\tatii\OneDrive\Área de Trabalho\Meus Projetos\Youtube IA\node_modules\@rollup\rollup-darwin-x64
154 silly reify mark deleted [
154 silly reify   'C:\\Users\\tatii\\OneDrive\\Área de Trabalho\\Meus Projetos\\Youtube IA\\node_modules\\@rollup\\rollup-darwin-x64'
154 silly reify ]
155 verbose reify failed optional dependency C:\Users\tatii\OneDrive\Área de Trabalho\Meus Projetos\Youtube IA\node_modules\@rollup\rollup-darwin-arm64
156 silly reify mark deleted [
156 silly reify   'C:\\Users\\tatii\\OneDrive\\Área de Trabalho\\Meus Projetos\\Youtube IA\\node_modules\\@rollup\\rollup-darwin-arm64'
156 silly reify ]
157 verbose reify failed optional dependency C:\Users\tatii\OneDrive\Área de Trabalho\Meus Projetos\Youtube IA\node_modules\@rollup\rollup-android-arm64
158 silly reify mark deleted [
158 silly reify   'C:\\Users\\tatii\\OneDrive\\Área de Trabalho\\Meus Projetos\\Youtube IA\\node_modules\\@rollup\\rollup-android-arm64'
158 silly reify ]
159 verbose reify failed optional dependency C:\Users\tatii\OneDrive\Área de Trabalho\Meus Projetos\Youtube IA\node_modules\@rollup\rollup-android-arm-eabi
160 silly reify mark deleted [
160 silly reify   'C:\\Users\\tatii\\OneDrive\\Área de Trabalho\\Meus Projetos\\Youtube IA\\node_modules\\@rollup\\rollup-android-arm-eabi'
160 silly reify ]
161 verbose reify failed optional dependency C:\Users\tatii\OneDrive\Área de Trabalho\Meus Projetos\Youtube IA\node_modules\@esbuild\win32-ia32
162 silly reify mark deleted [
162 silly reify   'C:\\Users\\tatii\\OneDrive\\Área de Trabalho\\Meus Projetos\\Youtube IA\\node_modules\\@esbuild\\win32-ia32'
162 silly reify ]
163 verbose reify failed optional dependency C:\Users\tatii\OneDrive\Área de Trabalho\Meus Projetos\Youtube IA\node_modules\@esbuild\win32-arm64
164 silly reify mark deleted [
164 silly reify   'C:\\Users\\tatii\\OneDrive\\Área de Trabalho\\Meus Projetos\\Youtube IA\\node_modules\\@esbuild\\win32-arm64'
164 silly reify ]
165 verbose reify failed optional dependency C:\Users\tatii\OneDrive\Área de Trabalho\Meus Projetos\Youtube IA\node_modules\@esbuild\sunos-x64
166 silly reify mark deleted [
166 silly reify   'C:\\Users\\tatii\\OneDrive\\Área de Trabalho\\Meus Projetos\\Youtube IA\\node_modules\\@esbuild\\sunos-x64'
166 silly reify ]
167 verbose reify failed optional dependency C:\Users\tatii\OneDrive\Área de Trabalho\Meus Projetos\Youtube IA\node_modules\@esbuild\openbsd-x64
168 silly reify mark deleted [
168 silly reify   'C:\\Users\\tatii\\OneDrive\\Área de Trabalho\\Meus Projetos\\Youtube IA\\node_modules\\@esbuild\\openbsd-x64'
168 silly reify ]
169 verbose reify failed optional dependency C:\Users\tatii\OneDrive\Área de Trabalho\Meus Projetos\Youtube IA\node_modules\@esbuild\openbsd-arm64
170 silly reify mark deleted [
170 silly reify   'C:\\Users\\tatii\\OneDrive\\Área de Trabalho\\Meus Projetos\\Youtube IA\\node_modules\\@esbuild\\openbsd-arm64'
170 silly reify ]
171 verbose reify failed optional dependency C:\Users\tatii\OneDrive\Área de Trabalho\Meus Projetos\Youtube IA\node_modules\@esbuild\netbsd-x64
172 silly reify mark deleted [
172 silly reify   'C:\\Users\\tatii\\OneDrive\\Área de Trabalho\\Meus Projetos\\Youtube IA\\node_modules\\@esbuild\\netbsd-x64'
172 silly reify ]
173 verbose reify failed optional dependency C:\Users\tatii\OneDrive\Área de Trabalho\Meus Projetos\Youtube IA\node_modules\@esbuild\netbsd-arm64
174 silly reify mark deleted [
174 silly reify   'C:\\Users\\tatii\\OneDrive\\Área de Trabalho\\Meus Projetos\\Youtube IA\\node_modules\\@esbuild\\netbsd-arm64'
174 silly reify ]
175 verbose reify failed optional dependency C:\Users\tatii\OneDrive\Área de Trabalho\Meus Projetos\Youtube IA\node_modules\@esbuild\linux-x64
176 silly reify mark deleted [
176 silly reify   'C:\\Users\\tatii\\OneDrive\\Área de Trabalho\\Meus Projetos\\Youtube IA\\node_modules\\@esbuild\\linux-x64'
176 silly reify ]
177 verbose reify failed optional dependency C:\Users\tatii\OneDrive\Área de Trabalho\Meus Projetos\Youtube IA\node_modules\@esbuild\linux-s390x
178 silly reify mark deleted [
178 silly reify   'C:\\Users\\tatii\\OneDrive\\Área de Trabalho\\Meus Projetos\\Youtube IA\\node_modules\\@esbuild\\linux-s390x'
178 silly reify ]
179 verbose reify failed optional dependency C:\Users\tatii\OneDrive\Área de Trabalho\Meus Projetos\Youtube IA\node_modules\@esbuild\linux-riscv64
180 silly reify mark deleted [
180 silly reify   'C:\\Users\\tatii\\OneDrive\\Área de Trabalho\\Meus Projetos\\Youtube IA\\node_modules\\@esbuild\\linux-riscv64'
180 silly reify ]
181 verbose reify failed optional dependency C:\Users\tatii\OneDrive\Área de Trabalho\Meus Projetos\Youtube IA\node_modules\@esbuild\linux-ppc64
182 silly reify mark deleted [
182 silly reify   'C:\\Users\\tatii\\OneDrive\\Área de Trabalho\\Meus Projetos\\Youtube IA\\node_modules\\@esbuild\\linux-ppc64'
182 silly reify ]
183 verbose reify failed optional dependency C:\Users\tatii\OneDrive\Área de Trabalho\Meus Projetos\Youtube IA\node_modules\@esbuild\linux-mips64el
184 silly reify mark deleted [
184 silly reify   'C:\\Users\\tatii\\OneDrive\\Área de Trabalho\\Meus Projetos\\Youtube IA\\node_modules\\@esbuild\\linux-mips64el'
184 silly reify ]
185 verbose reify failed optional dependency C:\Users\tatii\OneDrive\Área de Trabalho\Meus Projetos\Youtube IA\node_modules\@esbuild\linux-loong64
186 silly reify mark deleted [
186 silly reify   'C:\\Users\\tatii\\OneDrive\\Área de Trabalho\\Meus Projetos\\Youtube IA\\node_modules\\@esbuild\\linux-loong64'
186 silly reify ]
187 verbose reify failed optional dependency C:\Users\tatii\OneDrive\Área de Trabalho\Meus Projetos\Youtube IA\node_modules\@esbuild\linux-ia32
188 silly reify mark deleted [
188 silly reify   'C:\\Users\\tatii\\OneDrive\\Área de Trabalho\\Meus Projetos\\Youtube IA\\node_modules\\@esbuild\\linux-ia32'
188 silly reify ]
189 verbose reify failed optional dependency C:\Users\tatii\OneDrive\Área de Trabalho\Meus Projetos\Youtube IA\node_modules\@esbuild\linux-arm64
190 silly reify mark deleted [
190 silly reify   'C:\\Users\\tatii\\OneDrive\\Área de Trabalho\\Meus Projetos\\Youtube IA\\node_modules\\@esbuild\\linux-arm64'
190 silly reify ]
191 verbose reify failed optional dependency C:\Users\tatii\OneDrive\Área de Trabalho\Meus Projetos\Youtube IA\node_modules\@esbuild\linux-arm
192 silly reify mark deleted [
192 silly reify   'C:\\Users\\tatii\\OneDrive\\Área de Trabalho\\Meus Projetos\\Youtube IA\\node_modules\\@esbuild\\linux-arm'
192 silly reify ]
193 verbose reify failed optional dependency C:\Users\tatii\OneDrive\Área de Trabalho\Meus Projetos\Youtube IA\node_modules\@esbuild\freebsd-x64
194 silly reify mark deleted [
194 silly reify   'C:\\Users\\tatii\\OneDrive\\Área de Trabalho\\Meus Projetos\\Youtube IA\\node_modules\\@esbuild\\freebsd-x64'
194 silly reify ]
195 verbose reify failed optional dependency C:\Users\tatii\OneDrive\Área de Trabalho\Meus Projetos\Youtube IA\node_modules\@esbuild\freebsd-arm64
196 silly reify mark deleted [
196 silly reify   'C:\\Users\\tatii\\OneDrive\\Área de Trabalho\\Meus Projetos\\Youtube IA\\node_modules\\@esbuild\\freebsd-arm64'
196 silly reify ]
197 verbose reify failed optional dependency C:\Users\tatii\OneDrive\Área de Trabalho\Meus Projetos\Youtube IA\node_modules\@esbuild\darwin-x64
198 silly reify mark deleted [
198 silly reify   'C:\\Users\\tatii\\OneDrive\\Área de Trabalho\\Meus Projetos\\Youtube IA\\node_modules\\@esbuild\\darwin-x64'
198 silly reify ]
199 verbose reify failed optional dependency C:\Users\tatii\OneDrive\Área de Trabalho\Meus Projetos\Youtube IA\node_modules\@esbuild\darwin-arm64
200 silly reify mark deleted [
200 silly reify   'C:\\Users\\tatii\\OneDrive\\Área de Trabalho\\Meus Projetos\\Youtube IA\\node_modules\\@esbuild\\darwin-arm64'
200 silly reify ]
201 verbose reify failed optional dependency C:\Users\tatii\OneDrive\Área de Trabalho\Meus Projetos\Youtube IA\node_modules\@esbuild\android-x64
202 silly reify mark deleted [
202 silly reify   'C:\\Users\\tatii\\OneDrive\\Área de Trabalho\\Meus Projetos\\Youtube IA\\node_modules\\@esbuild\\android-x64'
202 silly reify ]
203 verbose reify failed optional dependency C:\Users\tatii\OneDrive\Área de Trabalho\Meus Projetos\Youtube IA\node_modules\@esbuild\android-arm64
204 silly reify mark deleted [
204 silly reify   'C:\\Users\\tatii\\OneDrive\\Área de Trabalho\\Meus Projetos\\Youtube IA\\node_modules\\@esbuild\\android-arm64'
204 silly reify ]
205 verbose reify failed optional dependency C:\Users\tatii\OneDrive\Área de Trabalho\Meus Projetos\Youtube IA\node_modules\@esbuild\android-arm
206 silly reify mark deleted [
206 silly reify   'C:\\Users\\tatii\\OneDrive\\Área de Trabalho\\Meus Projetos\\Youtube IA\\node_modules\\@esbuild\\android-arm'
206 silly reify ]
207 verbose reify failed optional dependency C:\Users\tatii\OneDrive\Área de Trabalho\Meus Projetos\Youtube IA\node_modules\@esbuild\aix-ppc64
208 silly reify mark deleted [
208 silly reify   'C:\\Users\\tatii\\OneDrive\\Área de Trabalho\\Meus Projetos\\Youtube IA\\node_modules\\@esbuild\\aix-ppc64'
208 silly reify ]
209 silly tarball no local data for @fastify/busboy@https://registry.npmjs.org/@fastify/busboy/-/busboy-2.1.1.tgz. Extracting by manifest.
210 silly tarball no local data for requires-port@https://registry.npmjs.org/requires-port/-/requires-port-1.0.0.tgz. Extracting by manifest.
211 silly tarball no local data for querystringify@https://registry.npmjs.org/querystringify/-/querystringify-2.2.0.tgz. Extracting by manifest.
212 silly tarball no local data for universalify@https://registry.npmjs.org/universalify/-/universalify-0.2.0.tgz. Extracting by manifest.
213 silly tarball no local data for url-parse@https://registry.npmjs.org/url-parse/-/url-parse-1.5.10.tgz. Extracting by manifest.
214 silly tarball no local data for psl@https://registry.npmjs.org/psl/-/psl-1.15.0.tgz. Extracting by manifest.
215 silly tarball no local data for punycode@https://registry.npmjs.org/punycode/-/punycode-2.3.1.tgz. Extracting by manifest.
216 silly tarball no local data for undici@https://registry.npmjs.org/undici/-/undici-5.28.5.tgz. Extracting by manifest.
217 silly tarball no local data for tough-cookie@https://registry.npmjs.org/tough-cookie/-/tough-cookie-4.1.4.tgz. Extracting by manifest.
218 silly tarball no local data for agent-base@https://registry.npmjs.org/agent-base/-/agent-base-7.1.3.tgz. Extracting by manifest.
219 silly tarball no local data for debug@https://registry.npmjs.org/debug/-/debug-4.4.0.tgz. Extracting by manifest.
220 silly tarball no local data for https-proxy-agent@https://registry.npmjs.org/https-proxy-agent/-/https-proxy-agent-7.0.6.tgz. Extracting by manifest.
221 silly tarball no local data for ytdl-core@https://registry.npmjs.org/@distube/ytdl-core/-/ytdl-core-4.15.9.tgz. Extracting by manifest.
222 silly tarball no local data for http-cookie-agent@https://registry.npmjs.org/http-cookie-agent/-/http-cookie-agent-6.0.8.tgz. Extracting by manifest.
223 http fetch GET 200 https://registry.npmjs.org/universalify/-/universalify-0.2.0.tgz 198ms (cache miss)
224 http fetch GET 200 https://registry.npmjs.org/querystringify/-/querystringify-2.2.0.tgz 205ms (cache miss)
225 http fetch GET 200 https://registry.npmjs.org/requires-port/-/requires-port-1.0.0.tgz 313ms (cache miss)
226 http fetch POST 200 https://registry.npmjs.org/-/npm/v1/security/advisories/bulk 377ms
227 silly audit report {
227 silly audit report   axios: [
227 silly audit report     {
227 silly audit report       id: 1102472,
227 silly audit report       url: 'https://github.com/advisories/GHSA-jr5f-v2jv-69x6',
227 silly audit report       title: 'axios Requests Vulnerable To Possible SSRF and Credential Leakage via Absolute URL',
227 silly audit report       severity: 'high',
227 silly audit report       vulnerable_versions: '<1.8.2',
227 silly audit report       cwe: [Array],
227 silly audit report       cvss: [Object]
227 silly audit report     }
227 silly audit report   ]
227 silly audit report }
228 silly packumentCache corgi:https://registry.npmjs.org/axios cache-miss
229 http fetch GET 200 https://registry.npmjs.org/punycode/-/punycode-2.3.1.tgz 350ms (cache miss)
230 http fetch GET 200 https://registry.npmjs.org/url-parse/-/url-parse-1.5.10.tgz 366ms (cache miss)
231 http fetch GET 200 https://registry.npmjs.org/axios 60ms (cache hit)
232 silly packumentCache corgi:https://registry.npmjs.org/axios set size:231555 disposed:false
233 http fetch GET 200 https://registry.npmjs.org/debug/-/debug-4.4.0.tgz 438ms (cache miss)
234 http fetch GET 200 https://registry.npmjs.org/https-proxy-agent/-/https-proxy-agent-7.0.6.tgz 443ms (cache miss)
235 http fetch GET 200 https://registry.npmjs.org/agent-base/-/agent-base-7.1.3.tgz 449ms (cache miss)
236 http fetch GET 200 https://registry.npmjs.org/@fastify/busboy/-/busboy-2.1.1.tgz 494ms (cache miss)
237 http fetch GET 200 https://registry.npmjs.org/tough-cookie/-/tough-cookie-4.1.4.tgz 493ms (cache miss)
238 http fetch GET 200 https://registry.npmjs.org/psl/-/psl-1.15.0.tgz 510ms (cache miss)
239 http fetch GET 200 https://registry.npmjs.org/http-cookie-agent/-/http-cookie-agent-6.0.8.tgz 495ms (cache miss)
240 http fetch GET 200 https://registry.npmjs.org/undici/-/undici-5.28.5.tgz 868ms (cache miss)
241 http fetch GET 200 https://registry.npmjs.org/@distube/ytdl-core/-/ytdl-core-4.15.9.tgz 932ms (cache miss)
242 warn deprecated @distube/ytdl-core@4.15.9: This version is deprecated, please upgrade to the latest version.
243 silly ADD node_modules/requires-port
244 silly ADD node_modules/querystringify
245 silly ADD node_modules/@fastify/busboy
246 silly ADD node_modules/url-parse
247 silly ADD node_modules/universalify
248 silly ADD node_modules/punycode
249 silly ADD node_modules/psl
250 silly ADD node_modules/agent-base
251 silly ADD node_modules/undici
252 silly ADD node_modules/tough-cookie
253 silly ADD node_modules/sax
254 silly ADD node_modules/miniget
255 silly ADD node_modules/m3u8stream
256 silly ADD node_modules/https-proxy-agent
257 silly ADD node_modules/https-proxy-agent/node_modules/ms
258 silly ADD node_modules/https-proxy-agent/node_modules/debug
259 silly ADD node_modules/http-cookie-agent
260 silly ADD node_modules/ytdl-core
261 silly ADD
262 silly ADD
263 silly ADD
264 silly ADD
265 silly ADD
266 silly ADD
267 silly ADD
268 silly ADD
269 silly ADD
270 silly ADD
271 silly ADD
272 silly ADD
273 silly ADD
274 silly ADD
275 silly ADD
276 silly ADD
277 silly ADD
278 silly ADD
279 silly ADD
280 silly ADD
281 silly ADD
282 silly ADD
283 silly ADD
284 silly ADD
285 silly ADD
286 silly ADD
287 silly ADD
288 silly ADD
289 silly ADD
290 silly ADD
291 silly ADD
292 silly ADD
293 silly ADD
294 silly ADD
295 silly ADD
296 silly ADD
297 silly ADD
298 silly ADD
299 silly ADD
300 silly ADD
301 silly ADD
302 silly ADD
303 silly ADD
304 verbose cwd C:\Users\tatii\OneDrive\Área de Trabalho\Meus Projetos\Youtube IA
305 verbose os Windows_NT 10.0.26100
306 verbose node v20.11.0
307 verbose npm  v10.9.0
308 verbose exit 0
309 info ok
