0 verbose cli C:\Program Files\nodejs\node.exe C:\Users\tatii\AppData\Roaming\npm\node_modules\npm\bin\npm-cli.js
1 info using npm@10.9.0
2 info using node@v20.11.0
3 silly config load:file:C:\Users\tatii\AppData\Roaming\npm\node_modules\npm\npmrc
4 silly config load:file:C:\Users\tatii\OneDrive\Ãrea de Trabalho\Meus Projetos\Youtube IA\youtube-ia\.npmrc
5 silly config load:file:C:\Users\tatii\.npmrc
6 silly config load:file:C:\Users\tatii\AppData\Roaming\npm\etc\npmrc
7 verbose title npm install
8 verbose argv "install"
9 verbose logfile logs-max:10 dir:C:\Users\tatii\OneDrive\Ãrea de Trabalho\Meus Projetos\Youtube IA\youtube-ia\clean\_logs\2025-02-25T19_35_24_988Z-
10 verbose logfile C:\Users\tatii\OneDrive\Ãrea de Trabalho\Meus Projetos\Youtube IA\youtube-ia\clean\_logs\2025-02-25T19_35_24_988Z-debug-0.log
11 silly logfile done cleaning log files
12 silly packumentCache heap:2197815296 maxSize:549453824 maxEntrySize:274726912
13 silly idealTree buildDeps
14 silly fetch manifest vite@^6.2.0
15 silly packumentCache full:https://registry.npmjs.org/vite cache-miss
16 http fetch GET 200 https://registry.npmjs.org/npm 861ms
17 http fetch GET 200 https://registry.npmjs.org/vite 3870ms (cache miss)
18 silly packumentCache full:https://registry.npmjs.org/vite set size:undefined disposed:false
19 silly placeDep ROOT vite@6.2.0 OK for: youtube-ia@0.0.0 want: ^6.2.0
20 silly fetch manifest esbuild@^0.25.0
21 silly packumentCache full:https://registry.npmjs.org/esbuild cache-miss
22 silly fetch manifest postcss@^8.5.3
23 silly packumentCache full:https://registry.npmjs.org/postcss cache-miss
24 silly fetch manifest rollup@^4.30.1
25 silly packumentCache full:https://registry.npmjs.org/rollup cache-miss
26 silly fetch manifest fsevents@~2.3.3
27 silly packumentCache full:https://registry.npmjs.org/fsevents cache-miss
28 http fetch GET 200 https://registry.npmjs.org/postcss 281ms (cache miss)
29 silly packumentCache full:https://registry.npmjs.org/postcss set size:undefined disposed:false
30 http fetch GET 200 https://registry.npmjs.org/esbuild 406ms (cache miss)
31 silly packumentCache full:https://registry.npmjs.org/esbuild set size:undefined disposed:false
32 http fetch GET 200 https://registry.npmjs.org/fsevents 690ms (cache miss)
33 silly packumentCache full:https://registry.npmjs.org/fsevents set size:undefined disposed:false
34 http fetch GET 200 https://registry.npmjs.org/rollup 1379ms (cache miss)
35 silly packumentCache full:https://registry.npmjs.org/rollup set size:undefined disposed:false
36 silly placeDep ROOT esbuild@0.25.0 OK for: vite@6.2.0 want: ^0.25.0
37 silly placeDep ROOT fsevents@2.3.3 OK for: vite@6.2.0 want: ~2.3.3
38 silly placeDep ROOT postcss@8.5.3 OK for: vite@6.2.0 want: ^8.5.3
39 silly placeDep ROOT rollup@4.34.8 OK for: vite@6.2.0 want: ^4.30.1
40 silly fetch manifest @esbuild/aix-ppc64@0.25.0
41 silly packumentCache full:https://registry.npmjs.org/@esbuild%2faix-ppc64 cache-miss
42 silly fetch manifest @esbuild/android-arm@0.25.0
43 silly packumentCache full:https://registry.npmjs.org/@esbuild%2fandroid-arm cache-miss
44 silly fetch manifest @esbuild/android-arm64@0.25.0
45 silly packumentCache full:https://registry.npmjs.org/@esbuild%2fandroid-arm64 cache-miss
46 silly fetch manifest @esbuild/android-x64@0.25.0
47 silly packumentCache full:https://registry.npmjs.org/@esbuild%2fandroid-x64 cache-miss
48 silly fetch manifest @esbuild/darwin-arm64@0.25.0
49 silly packumentCache full:https://registry.npmjs.org/@esbuild%2fdarwin-arm64 cache-miss
50 silly fetch manifest @esbuild/darwin-x64@0.25.0
51 silly packumentCache full:https://registry.npmjs.org/@esbuild%2fdarwin-x64 cache-miss
52 silly fetch manifest @esbuild/freebsd-arm64@0.25.0
53 silly packumentCache full:https://registry.npmjs.org/@esbuild%2ffreebsd-arm64 cache-miss
54 http fetch GET 200 https://registry.npmjs.org/@esbuild%2faix-ppc64 262ms (cache miss)
55 silly packumentCache full:https://registry.npmjs.org/@esbuild%2faix-ppc64 set size:undefined disposed:false
56 silly fetch manifest @esbuild/freebsd-x64@0.25.0
57 silly packumentCache full:https://registry.npmjs.org/@esbuild%2ffreebsd-x64 cache-miss
58 http fetch GET 200 https://registry.npmjs.org/@esbuild%2fandroid-x64 376ms (cache miss)
59 silly packumentCache full:https://registry.npmjs.org/@esbuild%2fandroid-x64 set size:undefined disposed:false
60 silly fetch manifest @esbuild/linux-arm@0.25.0
61 silly packumentCache full:https://registry.npmjs.org/@esbuild%2flinux-arm cache-miss
62 http fetch GET 200 https://registry.npmjs.org/@esbuild%2ffreebsd-x64 284ms (cache miss)
63 silly packumentCache full:https://registry.npmjs.org/@esbuild%2ffreebsd-x64 set size:undefined disposed:false
64 silly fetch manifest @esbuild/linux-arm64@0.25.0
65 silly packumentCache full:https://registry.npmjs.org/@esbuild%2flinux-arm64 cache-miss
66 http fetch GET 200 https://registry.npmjs.org/@esbuild%2fandroid-arm 653ms (cache miss)
67 silly packumentCache full:https://registry.npmjs.org/@esbuild%2fandroid-arm set size:undefined disposed:false
68 silly fetch manifest @esbuild/linux-ia32@0.25.0
69 silly packumentCache full:https://registry.npmjs.org/@esbuild%2flinux-ia32 cache-miss
70 http fetch GET 200 https://registry.npmjs.org/@esbuild%2flinux-arm 288ms (cache miss)
71 silly packumentCache full:https://registry.npmjs.org/@esbuild%2flinux-arm set size:undefined disposed:false
72 silly fetch manifest @esbuild/linux-loong64@0.25.0
73 silly packumentCache full:https://registry.npmjs.org/@esbuild%2flinux-loong64 cache-miss
74 http fetch GET 200 https://registry.npmjs.org/@esbuild%2flinux-arm64 282ms (cache miss)
75 silly packumentCache full:https://registry.npmjs.org/@esbuild%2flinux-arm64 set size:undefined disposed:false
76 silly fetch manifest @esbuild/linux-mips64el@0.25.0
77 silly packumentCache full:https://registry.npmjs.org/@esbuild%2flinux-mips64el cache-miss
78 http fetch GET 200 https://registry.npmjs.org/@esbuild%2fandroid-arm64 849ms (cache miss)
79 silly packumentCache full:https://registry.npmjs.org/@esbuild%2fandroid-arm64 set size:undefined disposed:false
80 silly fetch manifest @esbuild/linux-ppc64@0.25.0
81 silly packumentCache full:https://registry.npmjs.org/@esbuild%2flinux-ppc64 cache-miss
82 http fetch GET 200 https://registry.npmjs.org/@esbuild%2ffreebsd-arm64 876ms (cache miss)
83 silly packumentCache full:https://registry.npmjs.org/@esbuild%2ffreebsd-arm64 set size:undefined disposed:false
84 silly fetch manifest @esbuild/linux-riscv64@0.25.0
85 silly packumentCache full:https://registry.npmjs.org/@esbuild%2flinux-riscv64 cache-miss
86 http fetch GET 200 https://registry.npmjs.org/@esbuild%2flinux-loong64 266ms (cache miss)
87 silly packumentCache full:https://registry.npmjs.org/@esbuild%2flinux-loong64 set size:undefined disposed:false
88 silly fetch manifest @esbuild/linux-s390x@0.25.0
89 silly packumentCache full:https://registry.npmjs.org/@esbuild%2flinux-s390x cache-miss
90 http fetch GET 200 https://registry.npmjs.org/@esbuild%2fdarwin-x64 953ms (cache miss)
91 silly packumentCache full:https://registry.npmjs.org/@esbuild%2fdarwin-x64 set size:undefined disposed:false
92 silly fetch manifest @esbuild/linux-x64@0.25.0
93 silly packumentCache full:https://registry.npmjs.org/@esbuild%2flinux-x64 cache-miss
94 http fetch GET 200 https://registry.npmjs.org/@esbuild%2fdarwin-arm64 1030ms (cache miss)
95 silly packumentCache full:https://registry.npmjs.org/@esbuild%2fdarwin-arm64 set size:undefined disposed:false
96 silly fetch manifest @esbuild/netbsd-arm64@0.25.0
97 silly packumentCache full:https://registry.npmjs.org/@esbuild%2fnetbsd-arm64 cache-miss
98 http fetch GET 200 https://registry.npmjs.org/@esbuild%2flinux-ppc64 246ms (cache miss)
99 silly packumentCache full:https://registry.npmjs.org/@esbuild%2flinux-ppc64 set size:undefined disposed:false
100 silly fetch manifest @esbuild/netbsd-x64@0.25.0
101 silly packumentCache full:https://registry.npmjs.org/@esbuild%2fnetbsd-x64 cache-miss
102 http fetch GET 200 https://registry.npmjs.org/@esbuild%2flinux-riscv64 282ms (cache miss)
103 silly packumentCache full:https://registry.npmjs.org/@esbuild%2flinux-riscv64 set size:undefined disposed:false
104 silly fetch manifest @esbuild/openbsd-arm64@0.25.0
105 silly packumentCache full:https://registry.npmjs.org/@esbuild%2fopenbsd-arm64 cache-miss
106 http fetch GET 200 https://registry.npmjs.org/@esbuild%2flinux-ia32 562ms (cache miss)
107 silly packumentCache full:https://registry.npmjs.org/@esbuild%2flinux-ia32 set size:undefined disposed:false
108 silly fetch manifest @esbuild/openbsd-x64@0.25.0
109 silly packumentCache full:https://registry.npmjs.org/@esbuild%2fopenbsd-x64 cache-miss
110 http fetch GET 200 https://registry.npmjs.org/@esbuild%2flinux-x64 289ms (cache miss)
111 silly packumentCache full:https://registry.npmjs.org/@esbuild%2flinux-x64 set size:undefined disposed:false
112 silly fetch manifest @esbuild/sunos-x64@0.25.0
113 silly packumentCache full:https://registry.npmjs.org/@esbuild%2fsunos-x64 cache-miss
114 http fetch GET 200 https://registry.npmjs.org/@esbuild%2fnetbsd-x64 214ms (cache miss)
115 silly packumentCache full:https://registry.npmjs.org/@esbuild%2fnetbsd-x64 set size:undefined disposed:false
116 silly fetch manifest @esbuild/win32-arm64@0.25.0
117 silly packumentCache full:https://registry.npmjs.org/@esbuild%2fwin32-arm64 cache-miss
118 http fetch GET 200 https://registry.npmjs.org/@esbuild%2fopenbsd-arm64 231ms (cache miss)
119 silly packumentCache full:https://registry.npmjs.org/@esbuild%2fopenbsd-arm64 set size:undefined disposed:false
120 silly fetch manifest @esbuild/win32-ia32@0.25.0
121 silly packumentCache full:https://registry.npmjs.org/@esbuild%2fwin32-ia32 cache-miss
122 http fetch GET 200 https://registry.npmjs.org/@esbuild%2fsunos-x64 227ms (cache miss)
123 silly packumentCache full:https://registry.npmjs.org/@esbuild%2fsunos-x64 set size:undefined disposed:false
124 silly fetch manifest @esbuild/win32-x64@0.25.0
125 silly packumentCache full:https://registry.npmjs.org/@esbuild%2fwin32-x64 cache-miss
126 http fetch GET 200 https://registry.npmjs.org/@esbuild%2fwin32-arm64 215ms (cache miss)
127 silly packumentCache full:https://registry.npmjs.org/@esbuild%2fwin32-arm64 set size:undefined disposed:false
128 silly fetch manifest nanoid@^3.3.8
129 silly packumentCache full:https://registry.npmjs.org/nanoid cache-miss
130 http fetch GET 200 https://registry.npmjs.org/@esbuild%2flinux-mips64el 780ms (cache miss)
131 silly packumentCache full:https://registry.npmjs.org/@esbuild%2flinux-mips64el set size:undefined disposed:false
132 silly fetch manifest picocolors@^1.1.1
133 silly packumentCache full:https://registry.npmjs.org/picocolors cache-miss
134 http fetch GET 200 https://registry.npmjs.org/@esbuild%2fwin32-ia32 246ms (cache miss)
135 silly packumentCache full:https://registry.npmjs.org/@esbuild%2fwin32-ia32 set size:undefined disposed:false
136 silly fetch manifest source-map-js@^1.2.1
137 silly packumentCache full:https://registry.npmjs.org/source-map-js cache-miss
138 http fetch GET 200 https://registry.npmjs.org/@esbuild%2fnetbsd-arm64 722ms (cache miss)
139 silly packumentCache full:https://registry.npmjs.org/@esbuild%2fnetbsd-arm64 set size:undefined disposed:false
140 silly fetch manifest @types/estree@1.0.6
141 silly packumentCache full:https://registry.npmjs.org/@types%2festree cache-miss
142 http fetch GET 200 https://registry.npmjs.org/picocolors 179ms (cache miss)
143 silly packumentCache full:https://registry.npmjs.org/picocolors set size:undefined disposed:false
144 silly fetch manifest @rollup/rollup-darwin-arm64@4.34.8
145 silly packumentCache full:https://registry.npmjs.org/@rollup%2frollup-darwin-arm64 cache-miss
146 http fetch GET 200 https://registry.npmjs.org/@esbuild%2fwin32-x64 306ms (cache miss)
147 silly packumentCache full:https://registry.npmjs.org/@esbuild%2fwin32-x64 set size:undefined disposed:false
148 silly fetch manifest @rollup/rollup-android-arm64@4.34.8
149 silly packumentCache full:https://registry.npmjs.org/@rollup%2frollup-android-arm64 cache-miss
150 http fetch GET 200 https://registry.npmjs.org/@esbuild%2fopenbsd-x64 614ms (cache miss)
151 silly packumentCache full:https://registry.npmjs.org/@esbuild%2fopenbsd-x64 set size:undefined disposed:false
152 silly fetch manifest @rollup/rollup-win32-arm64-msvc@4.34.8
153 silly packumentCache full:https://registry.npmjs.org/@rollup%2frollup-win32-arm64-msvc cache-miss
154 http fetch GET 200 https://registry.npmjs.org/nanoid 336ms (cache miss)
155 silly packumentCache full:https://registry.npmjs.org/nanoid set size:undefined disposed:false
156 silly fetch manifest @rollup/rollup-freebsd-arm64@4.34.8
157 silly packumentCache full:https://registry.npmjs.org/@rollup%2frollup-freebsd-arm64 cache-miss
158 http fetch GET 200 https://registry.npmjs.org/source-map-js 311ms (cache miss)
159 silly packumentCache full:https://registry.npmjs.org/source-map-js set size:undefined disposed:false
160 silly fetch manifest @rollup/rollup-linux-arm64-gnu@4.34.8
161 silly packumentCache full:https://registry.npmjs.org/@rollup%2frollup-linux-arm64-gnu cache-miss
162 http fetch GET 200 https://registry.npmjs.org/@types%2festree 280ms (cache miss)
163 silly packumentCache full:https://registry.npmjs.org/@types%2festree set size:undefined disposed:false
164 silly fetch manifest @rollup/rollup-linux-arm64-musl@4.34.8
165 silly packumentCache full:https://registry.npmjs.org/@rollup%2frollup-linux-arm64-musl cache-miss
166 http fetch GET 200 https://registry.npmjs.org/@rollup%2frollup-android-arm64 302ms (cache miss)
167 silly packumentCache full:https://registry.npmjs.org/@rollup%2frollup-android-arm64 set size:undefined disposed:false
168 silly fetch manifest @rollup/rollup-android-arm-eabi@4.34.8
169 silly packumentCache full:https://registry.npmjs.org/@rollup%2frollup-android-arm-eabi cache-miss
170 http fetch GET 200 https://registry.npmjs.org/@rollup%2frollup-darwin-arm64 364ms (cache miss)
171 silly packumentCache full:https://registry.npmjs.org/@rollup%2frollup-darwin-arm64 set size:undefined disposed:false
172 silly fetch manifest @rollup/rollup-linux-arm-gnueabihf@4.34.8
173 silly packumentCache full:https://registry.npmjs.org/@rollup%2frollup-linux-arm-gnueabihf cache-miss
174 http fetch GET 200 https://registry.npmjs.org/@rollup%2frollup-freebsd-arm64 293ms (cache miss)
175 silly packumentCache full:https://registry.npmjs.org/@rollup%2frollup-freebsd-arm64 set size:undefined disposed:false
176 silly fetch manifest @rollup/rollup-linux-arm-musleabihf@4.34.8
177 silly packumentCache full:https://registry.npmjs.org/@rollup%2frollup-linux-arm-musleabihf cache-miss
178 http fetch GET 200 https://registry.npmjs.org/@rollup%2frollup-win32-arm64-msvc 422ms (cache miss)
179 silly packumentCache full:https://registry.npmjs.org/@rollup%2frollup-win32-arm64-msvc set size:undefined disposed:false
180 silly fetch manifest @rollup/rollup-win32-ia32-msvc@4.34.8
181 silly packumentCache full:https://registry.npmjs.org/@rollup%2frollup-win32-ia32-msvc cache-miss
182 http fetch GET 200 https://registry.npmjs.org/@rollup%2frollup-linux-arm64-gnu 316ms (cache miss)
183 silly packumentCache full:https://registry.npmjs.org/@rollup%2frollup-linux-arm64-gnu set size:undefined disposed:false
184 silly fetch manifest @rollup/rollup-linux-loongarch64-gnu@4.34.8
185 silly packumentCache full:https://registry.npmjs.org/@rollup%2frollup-linux-loongarch64-gnu cache-miss
186 http fetch GET 200 https://registry.npmjs.org/@rollup%2frollup-linux-arm-musleabihf 197ms (cache miss)
187 silly packumentCache full:https://registry.npmjs.org/@rollup%2frollup-linux-arm-musleabihf set size:undefined disposed:false
188 silly fetch manifest @rollup/rollup-linux-riscv64-gnu@4.34.8
189 silly packumentCache full:https://registry.npmjs.org/@rollup%2frollup-linux-riscv64-gnu cache-miss
190 http fetch GET 200 https://registry.npmjs.org/@rollup%2frollup-android-arm-eabi 279ms (cache miss)
191 silly packumentCache full:https://registry.npmjs.org/@rollup%2frollup-android-arm-eabi set size:undefined disposed:false
192 silly fetch manifest @rollup/rollup-linux-powerpc64le-gnu@4.34.8
193 silly packumentCache full:https://registry.npmjs.org/@rollup%2frollup-linux-powerpc64le-gnu cache-miss
194 http fetch GET 200 https://registry.npmjs.org/@rollup%2frollup-linux-arm-gnueabihf 273ms (cache miss)
195 silly packumentCache full:https://registry.npmjs.org/@rollup%2frollup-linux-arm-gnueabihf set size:undefined disposed:false
196 silly fetch manifest @rollup/rollup-linux-s390x-gnu@4.34.8
197 silly packumentCache full:https://registry.npmjs.org/@rollup%2frollup-linux-s390x-gnu cache-miss
198 http fetch GET 200 https://registry.npmjs.org/@rollup%2frollup-linux-loongarch64-gnu 259ms (cache miss)
199 silly packumentCache full:https://registry.npmjs.org/@rollup%2frollup-linux-loongarch64-gnu set size:undefined disposed:false
200 silly fetch manifest @rollup/rollup-darwin-x64@4.34.8
201 silly packumentCache full:https://registry.npmjs.org/@rollup%2frollup-darwin-x64 cache-miss
202 http fetch GET 200 https://registry.npmjs.org/@rollup%2frollup-linux-powerpc64le-gnu 232ms (cache miss)
203 silly packumentCache full:https://registry.npmjs.org/@rollup%2frollup-linux-powerpc64le-gnu set size:undefined disposed:false
204 silly fetch manifest @rollup/rollup-win32-x64-msvc@4.34.8
205 silly packumentCache full:https://registry.npmjs.org/@rollup%2frollup-win32-x64-msvc cache-miss
206 http fetch GET 200 https://registry.npmjs.org/@rollup%2frollup-linux-riscv64-gnu 270ms (cache miss)
207 silly packumentCache full:https://registry.npmjs.org/@rollup%2frollup-linux-riscv64-gnu set size:undefined disposed:false
208 silly fetch manifest @rollup/rollup-freebsd-x64@4.34.8
209 silly packumentCache full:https://registry.npmjs.org/@rollup%2frollup-freebsd-x64 cache-miss
210 http fetch GET 200 https://registry.npmjs.org/@rollup%2frollup-linux-s390x-gnu 436ms (cache miss)
211 silly packumentCache full:https://registry.npmjs.org/@rollup%2frollup-linux-s390x-gnu set size:undefined disposed:false
212 silly fetch manifest @rollup/rollup-linux-x64-gnu@4.34.8
213 silly packumentCache full:https://registry.npmjs.org/@rollup%2frollup-linux-x64-gnu cache-miss
214 http fetch GET 200 https://registry.npmjs.org/@esbuild%2flinux-s390x 2006ms (cache miss)
215 silly packumentCache full:https://registry.npmjs.org/@esbuild%2flinux-s390x set size:undefined disposed:false
216 silly fetch manifest @rollup/rollup-linux-x64-musl@4.34.8
217 silly packumentCache full:https://registry.npmjs.org/@rollup%2frollup-linux-x64-musl cache-miss
218 http fetch GET 200 https://registry.npmjs.org/@rollup%2frollup-win32-ia32-msvc 702ms (cache miss)
219 silly packumentCache full:https://registry.npmjs.org/@rollup%2frollup-win32-ia32-msvc set size:undefined disposed:false
220 http fetch GET 200 https://registry.npmjs.org/@rollup%2frollup-win32-x64-msvc 340ms (cache miss)
221 silly packumentCache full:https://registry.npmjs.org/@rollup%2frollup-win32-x64-msvc set size:undefined disposed:false
222 http fetch GET 200 https://registry.npmjs.org/@rollup%2frollup-darwin-x64 423ms (cache miss)
223 silly packumentCache full:https://registry.npmjs.org/@rollup%2frollup-darwin-x64 set size:undefined disposed:false
224 http fetch GET 200 https://registry.npmjs.org/@rollup%2frollup-freebsd-x64 351ms (cache miss)
225 silly packumentCache full:https://registry.npmjs.org/@rollup%2frollup-freebsd-x64 set size:undefined disposed:false
226 http fetch GET 200 https://registry.npmjs.org/@rollup%2frollup-linux-x64-gnu 279ms (cache miss)
227 silly packumentCache full:https://registry.npmjs.org/@rollup%2frollup-linux-x64-gnu set size:undefined disposed:false
228 http fetch GET 200 https://registry.npmjs.org/@rollup%2frollup-linux-x64-musl 540ms (cache miss)
229 silly packumentCache full:https://registry.npmjs.org/@rollup%2frollup-linux-x64-musl set size:undefined disposed:false
230 http fetch GET 200 https://registry.npmjs.org/@rollup%2frollup-linux-arm64-musl 1950ms (cache miss)
231 silly packumentCache full:https://registry.npmjs.org/@rollup%2frollup-linux-arm64-musl set size:undefined disposed:false
232 silly placeDep ROOT @esbuild/aix-ppc64@0.25.0 OK for: esbuild@0.25.0 want: 0.25.0
233 silly placeDep ROOT @esbuild/android-arm@0.25.0 OK for: esbuild@0.25.0 want: 0.25.0
234 silly placeDep ROOT @esbuild/android-arm64@0.25.0 OK for: esbuild@0.25.0 want: 0.25.0
235 silly placeDep ROOT @esbuild/android-x64@0.25.0 OK for: esbuild@0.25.0 want: 0.25.0
236 silly placeDep ROOT @esbuild/darwin-arm64@0.25.0 OK for: esbuild@0.25.0 want: 0.25.0
237 silly placeDep ROOT @esbuild/darwin-x64@0.25.0 OK for: esbuild@0.25.0 want: 0.25.0
238 silly placeDep ROOT @esbuild/freebsd-arm64@0.25.0 OK for: esbuild@0.25.0 want: 0.25.0
239 silly placeDep ROOT @esbuild/freebsd-x64@0.25.0 OK for: esbuild@0.25.0 want: 0.25.0
240 silly placeDep ROOT @esbuild/linux-arm@0.25.0 OK for: esbuild@0.25.0 want: 0.25.0
241 silly placeDep ROOT @esbuild/linux-arm64@0.25.0 OK for: esbuild@0.25.0 want: 0.25.0
242 silly placeDep ROOT @esbuild/linux-ia32@0.25.0 OK for: esbuild@0.25.0 want: 0.25.0
243 silly placeDep ROOT @esbuild/linux-loong64@0.25.0 OK for: esbuild@0.25.0 want: 0.25.0
244 silly placeDep ROOT @esbuild/linux-mips64el@0.25.0 OK for: esbuild@0.25.0 want: 0.25.0
245 silly placeDep ROOT @esbuild/linux-ppc64@0.25.0 OK for: esbuild@0.25.0 want: 0.25.0
246 silly placeDep ROOT @esbuild/linux-riscv64@0.25.0 OK for: esbuild@0.25.0 want: 0.25.0
247 silly placeDep ROOT @esbuild/linux-s390x@0.25.0 OK for: esbuild@0.25.0 want: 0.25.0
248 silly placeDep ROOT @esbuild/linux-x64@0.25.0 OK for: esbuild@0.25.0 want: 0.25.0
249 silly placeDep ROOT @esbuild/netbsd-arm64@0.25.0 OK for: esbuild@0.25.0 want: 0.25.0
250 silly placeDep ROOT @esbuild/netbsd-x64@0.25.0 OK for: esbuild@0.25.0 want: 0.25.0
251 silly placeDep ROOT @esbuild/openbsd-arm64@0.25.0 OK for: esbuild@0.25.0 want: 0.25.0
252 silly placeDep ROOT @esbuild/openbsd-x64@0.25.0 OK for: esbuild@0.25.0 want: 0.25.0
253 silly placeDep ROOT @esbuild/sunos-x64@0.25.0 OK for: esbuild@0.25.0 want: 0.25.0
254 silly placeDep ROOT @esbuild/win32-arm64@0.25.0 OK for: esbuild@0.25.0 want: 0.25.0
255 silly placeDep ROOT @esbuild/win32-ia32@0.25.0 OK for: esbuild@0.25.0 want: 0.25.0
256 silly placeDep ROOT @esbuild/win32-x64@0.25.0 OK for: esbuild@0.25.0 want: 0.25.0
257 silly placeDep ROOT nanoid@3.3.8 OK for: postcss@8.5.3 want: ^3.3.8
258 silly placeDep ROOT picocolors@1.1.1 OK for: postcss@8.5.3 want: ^1.1.1
259 silly placeDep ROOT source-map-js@1.2.1 OK for: postcss@8.5.3 want: ^1.2.1
260 silly placeDep ROOT @rollup/rollup-android-arm-eabi@4.34.8 OK for: rollup@4.34.8 want: 4.34.8
261 silly placeDep ROOT @rollup/rollup-android-arm64@4.34.8 OK for: rollup@4.34.8 want: 4.34.8
262 silly placeDep ROOT @rollup/rollup-darwin-arm64@4.34.8 OK for: rollup@4.34.8 want: 4.34.8
263 silly placeDep ROOT @rollup/rollup-darwin-x64@4.34.8 OK for: rollup@4.34.8 want: 4.34.8
264 silly placeDep ROOT @rollup/rollup-freebsd-arm64@4.34.8 OK for: rollup@4.34.8 want: 4.34.8
265 silly placeDep ROOT @rollup/rollup-freebsd-x64@4.34.8 OK for: rollup@4.34.8 want: 4.34.8
266 silly placeDep ROOT @rollup/rollup-linux-arm-gnueabihf@4.34.8 OK for: rollup@4.34.8 want: 4.34.8
267 silly placeDep ROOT @rollup/rollup-linux-arm-musleabihf@4.34.8 OK for: rollup@4.34.8 want: 4.34.8
268 silly placeDep ROOT @rollup/rollup-linux-arm64-gnu@4.34.8 OK for: rollup@4.34.8 want: 4.34.8
269 silly placeDep ROOT @rollup/rollup-linux-arm64-musl@4.34.8 OK for: rollup@4.34.8 want: 4.34.8
270 silly placeDep ROOT @rollup/rollup-linux-loongarch64-gnu@4.34.8 OK for: rollup@4.34.8 want: 4.34.8
271 silly placeDep ROOT @rollup/rollup-linux-powerpc64le-gnu@4.34.8 OK for: rollup@4.34.8 want: 4.34.8
272 silly placeDep ROOT @rollup/rollup-linux-riscv64-gnu@4.34.8 OK for: rollup@4.34.8 want: 4.34.8
273 silly placeDep ROOT @rollup/rollup-linux-s390x-gnu@4.34.8 OK for: rollup@4.34.8 want: 4.34.8
274 silly placeDep ROOT @rollup/rollup-linux-x64-gnu@4.34.8 OK for: rollup@4.34.8 want: 4.34.8
275 silly placeDep ROOT @rollup/rollup-linux-x64-musl@4.34.8 OK for: rollup@4.34.8 want: 4.34.8
276 silly placeDep ROOT @rollup/rollup-win32-arm64-msvc@4.34.8 OK for: rollup@4.34.8 want: 4.34.8
277 silly placeDep ROOT @rollup/rollup-win32-ia32-msvc@4.34.8 OK for: rollup@4.34.8 want: 4.34.8
278 silly placeDep ROOT @rollup/rollup-win32-x64-msvc@4.34.8 OK for: rollup@4.34.8 want: 4.34.8
279 silly placeDep ROOT @types/estree@1.0.6 OK for: rollup@4.34.8 want: 1.0.6
280 silly reify moves {}
281 silly audit bulk request {
281 silly audit   vite: [ '6.2.0' ],
281 silly audit   esbuild: [ '0.25.0' ],
281 silly audit   fsevents: [ '2.3.3' ],
281 silly audit   postcss: [ '8.5.3' ],
281 silly audit   rollup: [ '4.34.8' ],
281 silly audit   '@esbuild/aix-ppc64': [ '0.25.0' ],
281 silly audit   '@esbuild/android-arm': [ '0.25.0' ],
281 silly audit   '@esbuild/android-arm64': [ '0.25.0' ],
281 silly audit   '@esbuild/android-x64': [ '0.25.0' ],
281 silly audit   '@esbuild/darwin-arm64': [ '0.25.0' ],
281 silly audit   '@esbuild/darwin-x64': [ '0.25.0' ],
281 silly audit   '@esbuild/freebsd-arm64': [ '0.25.0' ],
281 silly audit   '@esbuild/freebsd-x64': [ '0.25.0' ],
281 silly audit   '@esbuild/linux-arm': [ '0.25.0' ],
281 silly audit   '@esbuild/linux-arm64': [ '0.25.0' ],
281 silly audit   '@esbuild/linux-ia32': [ '0.25.0' ],
281 silly audit   '@esbuild/linux-loong64': [ '0.25.0' ],
281 silly audit   '@esbuild/linux-mips64el': [ '0.25.0' ],
281 silly audit   '@esbuild/linux-ppc64': [ '0.25.0' ],
281 silly audit   '@esbuild/linux-riscv64': [ '0.25.0' ],
281 silly audit   '@esbuild/linux-s390x': [ '0.25.0' ],
281 silly audit   '@esbuild/linux-x64': [ '0.25.0' ],
281 silly audit   '@esbuild/netbsd-arm64': [ '0.25.0' ],
281 silly audit   '@esbuild/netbsd-x64': [ '0.25.0' ],
281 silly audit   '@esbuild/openbsd-arm64': [ '0.25.0' ],
281 silly audit   '@esbuild/openbsd-x64': [ '0.25.0' ],
281 silly audit   '@esbuild/sunos-x64': [ '0.25.0' ],
281 silly audit   '@esbuild/win32-arm64': [ '0.25.0' ],
281 silly audit   '@esbuild/win32-ia32': [ '0.25.0' ],
281 silly audit   '@esbuild/win32-x64': [ '0.25.0' ],
281 silly audit   nanoid: [ '3.3.8' ],
281 silly audit   picocolors: [ '1.1.1' ],
281 silly audit   'source-map-js': [ '1.2.1' ],
281 silly audit   '@rollup/rollup-android-arm-eabi': [ '4.34.8' ],
281 silly audit   '@rollup/rollup-android-arm64': [ '4.34.8' ],
281 silly audit   '@rollup/rollup-darwin-arm64': [ '4.34.8' ],
281 silly audit   '@rollup/rollup-darwin-x64': [ '4.34.8' ],
281 silly audit   '@rollup/rollup-freebsd-arm64': [ '4.34.8' ],
281 silly audit   '@rollup/rollup-freebsd-x64': [ '4.34.8' ],
281 silly audit   '@rollup/rollup-linux-arm-gnueabihf': [ '4.34.8' ],
281 silly audit   '@rollup/rollup-linux-arm-musleabihf': [ '4.34.8' ],
281 silly audit   '@rollup/rollup-linux-arm64-gnu': [ '4.34.8' ],
281 silly audit   '@rollup/rollup-linux-arm64-musl': [ '4.34.8' ],
281 silly audit   '@rollup/rollup-linux-loongarch64-gnu': [ '4.34.8' ],
281 silly audit   '@rollup/rollup-linux-powerpc64le-gnu': [ '4.34.8' ],
281 silly audit   '@rollup/rollup-linux-riscv64-gnu': [ '4.34.8' ],
281 silly audit   '@rollup/rollup-linux-s390x-gnu': [ '4.34.8' ],
281 silly audit   '@rollup/rollup-linux-x64-gnu': [ '4.34.8' ],
281 silly audit   '@rollup/rollup-linux-x64-musl': [ '4.34.8' ],
281 silly audit   '@rollup/rollup-win32-arm64-msvc': [ '4.34.8' ],
281 silly audit   '@rollup/rollup-win32-ia32-msvc': [ '4.34.8' ],
281 silly audit   '@rollup/rollup-win32-x64-msvc': [ '4.34.8' ],
281 silly audit   '@types/estree': [ '1.0.6' ]
281 silly audit }
282 verbose reify failed optional dependency C:\Users\tatii\OneDrive\Ãrea de Trabalho\Meus Projetos\Youtube IA\youtube-ia\node_modules\@rollup\rollup-win32-ia32-msvc
283 silly reify mark deleted [
283 silly reify   'C:\\Users\\tatii\\OneDrive\\Ãrea de Trabalho\\Meus Projetos\\Youtube IA\\youtube-ia\\node_modules\\@rollup\\rollup-win32-ia32-msvc'
283 silly reify ]
284 verbose reify failed optional dependency C:\Users\tatii\OneDrive\Ãrea de Trabalho\Meus Projetos\Youtube IA\youtube-ia\node_modules\@rollup\rollup-win32-arm64-msvc
285 silly reify mark deleted [
285 silly reify   'C:\\Users\\tatii\\OneDrive\\Ãrea de Trabalho\\Meus Projetos\\Youtube IA\\youtube-ia\\node_modules\\@rollup\\rollup-win32-arm64-msvc'
285 silly reify ]
286 verbose reify failed optional dependency C:\Users\tatii\OneDrive\Ãrea de Trabalho\Meus Projetos\Youtube IA\youtube-ia\node_modules\@rollup\rollup-linux-x64-musl
287 silly reify mark deleted [
287 silly reify   'C:\\Users\\tatii\\OneDrive\\Ãrea de Trabalho\\Meus Projetos\\Youtube IA\\youtube-ia\\node_modules\\@rollup\\rollup-linux-x64-musl'
287 silly reify ]
288 verbose reify failed optional dependency C:\Users\tatii\OneDrive\Ãrea de Trabalho\Meus Projetos\Youtube IA\youtube-ia\node_modules\@rollup\rollup-linux-x64-gnu
289 silly reify mark deleted [
289 silly reify   'C:\\Users\\tatii\\OneDrive\\Ãrea de Trabalho\\Meus Projetos\\Youtube IA\\youtube-ia\\node_modules\\@rollup\\rollup-linux-x64-gnu'
289 silly reify ]
290 verbose reify failed optional dependency C:\Users\tatii\OneDrive\Ãrea de Trabalho\Meus Projetos\Youtube IA\youtube-ia\node_modules\@rollup\rollup-linux-s390x-gnu
291 silly reify mark deleted [
291 silly reify   'C:\\Users\\tatii\\OneDrive\\Ãrea de Trabalho\\Meus Projetos\\Youtube IA\\youtube-ia\\node_modules\\@rollup\\rollup-linux-s390x-gnu'
291 silly reify ]
292 verbose reify failed optional dependency C:\Users\tatii\OneDrive\Ãrea de Trabalho\Meus Projetos\Youtube IA\youtube-ia\node_modules\@rollup\rollup-linux-riscv64-gnu
293 silly reify mark deleted [
293 silly reify   'C:\\Users\\tatii\\OneDrive\\Ãrea de Trabalho\\Meus Projetos\\Youtube IA\\youtube-ia\\node_modules\\@rollup\\rollup-linux-riscv64-gnu'
293 silly reify ]
294 verbose reify failed optional dependency C:\Users\tatii\OneDrive\Ãrea de Trabalho\Meus Projetos\Youtube IA\youtube-ia\node_modules\@rollup\rollup-linux-powerpc64le-gnu
295 silly reify mark deleted [
295 silly reify   'C:\\Users\\tatii\\OneDrive\\Ãrea de Trabalho\\Meus Projetos\\Youtube IA\\youtube-ia\\node_modules\\@rollup\\rollup-linux-powerpc64le-gnu'
295 silly reify ]
296 verbose reify failed optional dependency C:\Users\tatii\OneDrive\Ãrea de Trabalho\Meus Projetos\Youtube IA\youtube-ia\node_modules\@rollup\rollup-linux-loongarch64-gnu
297 silly reify mark deleted [
297 silly reify   'C:\\Users\\tatii\\OneDrive\\Ãrea de Trabalho\\Meus Projetos\\Youtube IA\\youtube-ia\\node_modules\\@rollup\\rollup-linux-loongarch64-gnu'
297 silly reify ]
298 verbose reify failed optional dependency C:\Users\tatii\OneDrive\Ãrea de Trabalho\Meus Projetos\Youtube IA\youtube-ia\node_modules\@rollup\rollup-linux-arm64-musl
299 silly reify mark deleted [
299 silly reify   'C:\\Users\\tatii\\OneDrive\\Ãrea de Trabalho\\Meus Projetos\\Youtube IA\\youtube-ia\\node_modules\\@rollup\\rollup-linux-arm64-musl'
299 silly reify ]
300 verbose reify failed optional dependency C:\Users\tatii\OneDrive\Ãrea de Trabalho\Meus Projetos\Youtube IA\youtube-ia\node_modules\@rollup\rollup-linux-arm64-gnu
301 silly reify mark deleted [
301 silly reify   'C:\\Users\\tatii\\OneDrive\\Ãrea de Trabalho\\Meus Projetos\\Youtube IA\\youtube-ia\\node_modules\\@rollup\\rollup-linux-arm64-gnu'
301 silly reify ]
302 verbose reify failed optional dependency C:\Users\tatii\OneDrive\Ãrea de Trabalho\Meus Projetos\Youtube IA\youtube-ia\node_modules\@rollup\rollup-linux-arm-musleabihf
303 silly reify mark deleted [
303 silly reify   'C:\\Users\\tatii\\OneDrive\\Ãrea de Trabalho\\Meus Projetos\\Youtube IA\\youtube-ia\\node_modules\\@rollup\\rollup-linux-arm-musleabihf'
303 silly reify ]
304 verbose reify failed optional dependency C:\Users\tatii\OneDrive\Ãrea de Trabalho\Meus Projetos\Youtube IA\youtube-ia\node_modules\@rollup\rollup-linux-arm-gnueabihf
305 silly reify mark deleted [
305 silly reify   'C:\\Users\\tatii\\OneDrive\\Ãrea de Trabalho\\Meus Projetos\\Youtube IA\\youtube-ia\\node_modules\\@rollup\\rollup-linux-arm-gnueabihf'
305 silly reify ]
306 verbose reify failed optional dependency C:\Users\tatii\OneDrive\Ãrea de Trabalho\Meus Projetos\Youtube IA\youtube-ia\node_modules\@rollup\rollup-freebsd-x64
307 silly reify mark deleted [
307 silly reify   'C:\\Users\\tatii\\OneDrive\\Ãrea de Trabalho\\Meus Projetos\\Youtube IA\\youtube-ia\\node_modules\\@rollup\\rollup-freebsd-x64'
307 silly reify ]
308 verbose reify failed optional dependency C:\Users\tatii\OneDrive\Ãrea de Trabalho\Meus Projetos\Youtube IA\youtube-ia\node_modules\@rollup\rollup-freebsd-arm64
309 silly reify mark deleted [
309 silly reify   'C:\\Users\\tatii\\OneDrive\\Ãrea de Trabalho\\Meus Projetos\\Youtube IA\\youtube-ia\\node_modules\\@rollup\\rollup-freebsd-arm64'
309 silly reify ]
310 verbose reify failed optional dependency C:\Users\tatii\OneDrive\Ãrea de Trabalho\Meus Projetos\Youtube IA\youtube-ia\node_modules\@rollup\rollup-darwin-x64
311 silly reify mark deleted [
311 silly reify   'C:\\Users\\tatii\\OneDrive\\Ãrea de Trabalho\\Meus Projetos\\Youtube IA\\youtube-ia\\node_modules\\@rollup\\rollup-darwin-x64'
311 silly reify ]
312 verbose reify failed optional dependency C:\Users\tatii\OneDrive\Ãrea de Trabalho\Meus Projetos\Youtube IA\youtube-ia\node_modules\@rollup\rollup-darwin-arm64
313 silly reify mark deleted [
313 silly reify   'C:\\Users\\tatii\\OneDrive\\Ãrea de Trabalho\\Meus Projetos\\Youtube IA\\youtube-ia\\node_modules\\@rollup\\rollup-darwin-arm64'
313 silly reify ]
314 verbose reify failed optional dependency C:\Users\tatii\OneDrive\Ãrea de Trabalho\Meus Projetos\Youtube IA\youtube-ia\node_modules\@rollup\rollup-android-arm64
315 silly reify mark deleted [
315 silly reify   'C:\\Users\\tatii\\OneDrive\\Ãrea de Trabalho\\Meus Projetos\\Youtube IA\\youtube-ia\\node_modules\\@rollup\\rollup-android-arm64'
315 silly reify ]
316 verbose reify failed optional dependency C:\Users\tatii\OneDrive\Ãrea de Trabalho\Meus Projetos\Youtube IA\youtube-ia\node_modules\@rollup\rollup-android-arm-eabi
317 silly reify mark deleted [
317 silly reify   'C:\\Users\\tatii\\OneDrive\\Ãrea de Trabalho\\Meus Projetos\\Youtube IA\\youtube-ia\\node_modules\\@rollup\\rollup-android-arm-eabi'
317 silly reify ]
318 verbose reify failed optional dependency C:\Users\tatii\OneDrive\Ãrea de Trabalho\Meus Projetos\Youtube IA\youtube-ia\node_modules\@esbuild\win32-ia32
319 silly reify mark deleted [
319 silly reify   'C:\\Users\\tatii\\OneDrive\\Ãrea de Trabalho\\Meus Projetos\\Youtube IA\\youtube-ia\\node_modules\\@esbuild\\win32-ia32'
319 silly reify ]
320 verbose reify failed optional dependency C:\Users\tatii\OneDrive\Ãrea de Trabalho\Meus Projetos\Youtube IA\youtube-ia\node_modules\@esbuild\win32-arm64
321 silly reify mark deleted [
321 silly reify   'C:\\Users\\tatii\\OneDrive\\Ãrea de Trabalho\\Meus Projetos\\Youtube IA\\youtube-ia\\node_modules\\@esbuild\\win32-arm64'
321 silly reify ]
322 verbose reify failed optional dependency C:\Users\tatii\OneDrive\Ãrea de Trabalho\Meus Projetos\Youtube IA\youtube-ia\node_modules\@esbuild\sunos-x64
323 silly reify mark deleted [
323 silly reify   'C:\\Users\\tatii\\OneDrive\\Ãrea de Trabalho\\Meus Projetos\\Youtube IA\\youtube-ia\\node_modules\\@esbuild\\sunos-x64'
323 silly reify ]
324 verbose reify failed optional dependency C:\Users\tatii\OneDrive\Ãrea de Trabalho\Meus Projetos\Youtube IA\youtube-ia\node_modules\@esbuild\openbsd-x64
325 silly reify mark deleted [
325 silly reify   'C:\\Users\\tatii\\OneDrive\\Ãrea de Trabalho\\Meus Projetos\\Youtube IA\\youtube-ia\\node_modules\\@esbuild\\openbsd-x64'
325 silly reify ]
326 verbose reify failed optional dependency C:\Users\tatii\OneDrive\Ãrea de Trabalho\Meus Projetos\Youtube IA\youtube-ia\node_modules\@esbuild\openbsd-arm64
327 silly reify mark deleted [
327 silly reify   'C:\\Users\\tatii\\OneDrive\\Ãrea de Trabalho\\Meus Projetos\\Youtube IA\\youtube-ia\\node_modules\\@esbuild\\openbsd-arm64'
327 silly reify ]
328 verbose reify failed optional dependency C:\Users\tatii\OneDrive\Ãrea de Trabalho\Meus Projetos\Youtube IA\youtube-ia\node_modules\@esbuild\netbsd-x64
329 silly reify mark deleted [
329 silly reify   'C:\\Users\\tatii\\OneDrive\\Ãrea de Trabalho\\Meus Projetos\\Youtube IA\\youtube-ia\\node_modules\\@esbuild\\netbsd-x64'
329 silly reify ]
330 verbose reify failed optional dependency C:\Users\tatii\OneDrive\Ãrea de Trabalho\Meus Projetos\Youtube IA\youtube-ia\node_modules\@esbuild\netbsd-arm64
331 silly reify mark deleted [
331 silly reify   'C:\\Users\\tatii\\OneDrive\\Ãrea de Trabalho\\Meus Projetos\\Youtube IA\\youtube-ia\\node_modules\\@esbuild\\netbsd-arm64'
331 silly reify ]
332 verbose reify failed optional dependency C:\Users\tatii\OneDrive\Ãrea de Trabalho\Meus Projetos\Youtube IA\youtube-ia\node_modules\@esbuild\linux-x64
333 silly reify mark deleted [
333 silly reify   'C:\\Users\\tatii\\OneDrive\\Ãrea de Trabalho\\Meus Projetos\\Youtube IA\\youtube-ia\\node_modules\\@esbuild\\linux-x64'
333 silly reify ]
334 verbose reify failed optional dependency C:\Users\tatii\OneDrive\Ãrea de Trabalho\Meus Projetos\Youtube IA\youtube-ia\node_modules\@esbuild\linux-s390x
335 silly reify mark deleted [
335 silly reify   'C:\\Users\\tatii\\OneDrive\\Ãrea de Trabalho\\Meus Projetos\\Youtube IA\\youtube-ia\\node_modules\\@esbuild\\linux-s390x'
335 silly reify ]
336 verbose reify failed optional dependency C:\Users\tatii\OneDrive\Ãrea de Trabalho\Meus Projetos\Youtube IA\youtube-ia\node_modules\@esbuild\linux-riscv64
337 silly reify mark deleted [
337 silly reify   'C:\\Users\\tatii\\OneDrive\\Ãrea de Trabalho\\Meus Projetos\\Youtube IA\\youtube-ia\\node_modules\\@esbuild\\linux-riscv64'
337 silly reify ]
338 verbose reify failed optional dependency C:\Users\tatii\OneDrive\Ãrea de Trabalho\Meus Projetos\Youtube IA\youtube-ia\node_modules\@esbuild\linux-ppc64
339 silly reify mark deleted [
339 silly reify   'C:\\Users\\tatii\\OneDrive\\Ãrea de Trabalho\\Meus Projetos\\Youtube IA\\youtube-ia\\node_modules\\@esbuild\\linux-ppc64'
339 silly reify ]
340 verbose reify failed optional dependency C:\Users\tatii\OneDrive\Ãrea de Trabalho\Meus Projetos\Youtube IA\youtube-ia\node_modules\@esbuild\linux-mips64el
341 silly reify mark deleted [
341 silly reify   'C:\\Users\\tatii\\OneDrive\\Ãrea de Trabalho\\Meus Projetos\\Youtube IA\\youtube-ia\\node_modules\\@esbuild\\linux-mips64el'
341 silly reify ]
342 verbose reify failed optional dependency C:\Users\tatii\OneDrive\Ãrea de Trabalho\Meus Projetos\Youtube IA\youtube-ia\node_modules\@esbuild\linux-loong64
343 silly reify mark deleted [
343 silly reify   'C:\\Users\\tatii\\OneDrive\\Ãrea de Trabalho\\Meus Projetos\\Youtube IA\\youtube-ia\\node_modules\\@esbuild\\linux-loong64'
343 silly reify ]
344 verbose reify failed optional dependency C:\Users\tatii\OneDrive\Ãrea de Trabalho\Meus Projetos\Youtube IA\youtube-ia\node_modules\@esbuild\linux-ia32
345 silly reify mark deleted [
345 silly reify   'C:\\Users\\tatii\\OneDrive\\Ãrea de Trabalho\\Meus Projetos\\Youtube IA\\youtube-ia\\node_modules\\@esbuild\\linux-ia32'
345 silly reify ]
346 verbose reify failed optional dependency C:\Users\tatii\OneDrive\Ãrea de Trabalho\Meus Projetos\Youtube IA\youtube-ia\node_modules\@esbuild\linux-arm64
347 silly reify mark deleted [
347 silly reify   'C:\\Users\\tatii\\OneDrive\\Ãrea de Trabalho\\Meus Projetos\\Youtube IA\\youtube-ia\\node_modules\\@esbuild\\linux-arm64'
347 silly reify ]
348 verbose reify failed optional dependency C:\Users\tatii\OneDrive\Ãrea de Trabalho\Meus Projetos\Youtube IA\youtube-ia\node_modules\@esbuild\linux-arm
349 silly reify mark deleted [
349 silly reify   'C:\\Users\\tatii\\OneDrive\\Ãrea de Trabalho\\Meus Projetos\\Youtube IA\\youtube-ia\\node_modules\\@esbuild\\linux-arm'
349 silly reify ]
350 verbose reify failed optional dependency C:\Users\tatii\OneDrive\Ãrea de Trabalho\Meus Projetos\Youtube IA\youtube-ia\node_modules\@esbuild\freebsd-x64
351 silly reify mark deleted [
351 silly reify   'C:\\Users\\tatii\\OneDrive\\Ãrea de Trabalho\\Meus Projetos\\Youtube IA\\youtube-ia\\node_modules\\@esbuild\\freebsd-x64'
351 silly reify ]
352 verbose reify failed optional dependency C:\Users\tatii\OneDrive\Ãrea de Trabalho\Meus Projetos\Youtube IA\youtube-ia\node_modules\@esbuild\freebsd-arm64
353 silly reify mark deleted [
353 silly reify   'C:\\Users\\tatii\\OneDrive\\Ãrea de Trabalho\\Meus Projetos\\Youtube IA\\youtube-ia\\node_modules\\@esbuild\\freebsd-arm64'
353 silly reify ]
354 verbose reify failed optional dependency C:\Users\tatii\OneDrive\Ãrea de Trabalho\Meus Projetos\Youtube IA\youtube-ia\node_modules\@esbuild\darwin-x64
355 silly reify mark deleted [
355 silly reify   'C:\\Users\\tatii\\OneDrive\\Ãrea de Trabalho\\Meus Projetos\\Youtube IA\\youtube-ia\\node_modules\\@esbuild\\darwin-x64'
355 silly reify ]
356 verbose reify failed optional dependency C:\Users\tatii\OneDrive\Ãrea de Trabalho\Meus Projetos\Youtube IA\youtube-ia\node_modules\@esbuild\darwin-arm64
357 silly reify mark deleted [
357 silly reify   'C:\\Users\\tatii\\OneDrive\\Ãrea de Trabalho\\Meus Projetos\\Youtube IA\\youtube-ia\\node_modules\\@esbuild\\darwin-arm64'
357 silly reify ]
358 verbose reify failed optional dependency C:\Users\tatii\OneDrive\Ãrea de Trabalho\Meus Projetos\Youtube IA\youtube-ia\node_modules\@esbuild\android-x64
359 silly reify mark deleted [
359 silly reify   'C:\\Users\\tatii\\OneDrive\\Ãrea de Trabalho\\Meus Projetos\\Youtube IA\\youtube-ia\\node_modules\\@esbuild\\android-x64'
359 silly reify ]
360 verbose reify failed optional dependency C:\Users\tatii\OneDrive\Ãrea de Trabalho\Meus Projetos\Youtube IA\youtube-ia\node_modules\@esbuild\android-arm64
361 silly reify mark deleted [
361 silly reify   'C:\\Users\\tatii\\OneDrive\\Ãrea de Trabalho\\Meus Projetos\\Youtube IA\\youtube-ia\\node_modules\\@esbuild\\android-arm64'
361 silly reify ]
362 verbose reify failed optional dependency C:\Users\tatii\OneDrive\Ãrea de Trabalho\Meus Projetos\Youtube IA\youtube-ia\node_modules\@esbuild\android-arm
363 silly reify mark deleted [
363 silly reify   'C:\\Users\\tatii\\OneDrive\\Ãrea de Trabalho\\Meus Projetos\\Youtube IA\\youtube-ia\\node_modules\\@esbuild\\android-arm'
363 silly reify ]
364 verbose reify failed optional dependency C:\Users\tatii\OneDrive\Ãrea de Trabalho\Meus Projetos\Youtube IA\youtube-ia\node_modules\@esbuild\aix-ppc64
365 silly reify mark deleted [
365 silly reify   'C:\\Users\\tatii\\OneDrive\\Ãrea de Trabalho\\Meus Projetos\\Youtube IA\\youtube-ia\\node_modules\\@esbuild\\aix-ppc64'
365 silly reify ]
366 verbose reify failed optional dependency C:\Users\tatii\OneDrive\Ãrea de Trabalho\Meus Projetos\Youtube IA\youtube-ia\node_modules\fsevents
367 silly reify mark deleted [
367 silly reify   'C:\\Users\\tatii\\OneDrive\\Ãrea de Trabalho\\Meus Projetos\\Youtube IA\\youtube-ia\\node_modules\\fsevents'
367 silly reify ]
368 silly tarball no local data for @types/estree@https://registry.npmjs.org/@types/estree/-/estree-1.0.6.tgz. Extracting by manifest.
369 silly tarball no local data for @rollup/rollup-win32-x64-msvc@https://registry.npmjs.org/@rollup/rollup-win32-x64-msvc/-/rollup-win32-x64-msvc-4.34.8.tgz. Extracting by manifest.
370 silly tarball no local data for source-map-js@https://registry.npmjs.org/source-map-js/-/source-map-js-1.2.1.tgz. Extracting by manifest.
371 silly tarball no local data for nanoid@https://registry.npmjs.org/nanoid/-/nanoid-3.3.8.tgz. Extracting by manifest.
372 silly tarball no local data for picocolors@https://registry.npmjs.org/picocolors/-/picocolors-1.1.1.tgz. Extracting by manifest.
373 silly tarball no local data for @esbuild/win32-x64@https://registry.npmjs.org/@esbuild/win32-x64/-/win32-x64-0.25.0.tgz. Extracting by manifest.
374 silly tarball no local data for rollup@https://registry.npmjs.org/rollup/-/rollup-4.34.8.tgz. Extracting by manifest.
375 silly tarball no local data for postcss@https://registry.npmjs.org/postcss/-/postcss-8.5.3.tgz. Extracting by manifest.
376 silly tarball no local data for esbuild@https://registry.npmjs.org/esbuild/-/esbuild-0.25.0.tgz. Extracting by manifest.
377 silly tarball no local data for vite@https://registry.npmjs.org/vite/-/vite-6.2.0.tgz. Extracting by manifest.
378 http fetch POST 200 https://registry.npmjs.org/-/npm/v1/security/advisories/bulk 587ms
379 silly audit report {}
380 http fetch GET 200 https://registry.npmjs.org/@types/estree/-/estree-1.0.6.tgz 485ms (cache miss)
381 http fetch GET 200 https://registry.npmjs.org/picocolors/-/picocolors-1.1.1.tgz 461ms (cache miss)
382 http fetch GET 200 https://registry.npmjs.org/nanoid/-/nanoid-3.3.8.tgz 468ms (cache miss)
383 http fetch GET 200 https://registry.npmjs.org/source-map-js/-/source-map-js-1.2.1.tgz 686ms (cache miss)
384 http fetch GET 200 https://registry.npmjs.org/@rollup/rollup-win32-x64-msvc/-/rollup-win32-x64-msvc-4.34.8.tgz 1353ms (cache miss)
385 http fetch GET 200 https://registry.npmjs.org/esbuild/-/esbuild-0.25.0.tgz 1635ms (cache miss)
386 http fetch GET 200 https://registry.npmjs.org/postcss/-/postcss-8.5.3.tgz 2252ms (cache miss)
387 http fetch GET 200 https://registry.npmjs.org/rollup/-/rollup-4.34.8.tgz 3640ms (cache miss)
388 http fetch GET 200 https://registry.npmjs.org/vite/-/vite-6.2.0.tgz 3875ms (cache miss)
389 http fetch GET 200 https://registry.npmjs.org/@esbuild/win32-x64/-/win32-x64-0.25.0.tgz 4063ms (cache miss)
390 info run esbuild@0.25.0 postinstall node_modules/esbuild node install.js
391 info run esbuild@0.25.0 postinstall { code: 0, signal: null }
392 silly ADD node_modules/@types/estree
393 silly ADD node_modules/@rollup/rollup-win32-x64-msvc
394 silly ADD
395 silly ADD
396 silly ADD
397 silly ADD
398 silly ADD
399 silly ADD
400 silly ADD
401 silly ADD
402 silly ADD
403 silly ADD
404 silly ADD
405 silly ADD
406 silly ADD
407 silly ADD
408 silly ADD
409 silly ADD
410 silly ADD
411 silly ADD
412 silly ADD node_modules/source-map-js
413 silly ADD node_modules/picocolors
414 silly ADD node_modules/nanoid
415 silly ADD node_modules/@esbuild/win32-x64
416 silly ADD
417 silly ADD
418 silly ADD
419 silly ADD
420 silly ADD
421 silly ADD
422 silly ADD
423 silly ADD
424 silly ADD
425 silly ADD
426 silly ADD
427 silly ADD
428 silly ADD
429 silly ADD
430 silly ADD
431 silly ADD
432 silly ADD
433 silly ADD
434 silly ADD
435 silly ADD
436 silly ADD
437 silly ADD
438 silly ADD
439 silly ADD
440 silly ADD node_modules/rollup
441 silly ADD node_modules/postcss
442 silly ADD
443 silly ADD node_modules/esbuild
444 silly ADD node_modules/vite
445 verbose cwd C:\Users\tatii\OneDrive\Ãrea de Trabalho\Meus Projetos\Youtube IA\youtube-ia
446 verbose os Windows_NT 10.0.26100
447 verbose node v20.11.0
448 verbose npm  v10.9.0
449 notice
449 notice New [31mmajor[39m version of npm available! [31m10.9.0[39m -> [34m11.1.0[39m
449 notice Changelog: [34mhttps://github.com/npm/cli/releases/tag/v11.1.0[39m
449 notice To update run: [4mnpm install -g npm@11.1.0[24m
449 notice  { force: true, [Symbol(proc-log.meta)]: true }
450 verbose exit 0
451 info ok
